CRITICAL - 2023-03-07 00:12:50 --> Invalid file: "templates\homeTemplate.php"
in SYSTEMPATH/Exceptions/FrameworkException.php on line 33.
 1 SYSTEMPATH/View/View.php(201): CodeIgniter\Exceptions\FrameworkException::forInvalidFile('templates\\homeTemplate.php')
 2 SYSTEMPATH/View/View.php(229): CodeIgniter\View\View->render('templates\\homeTemplate', [], true)
 3 SYSTEMPATH/Common.php(1184): CodeIgniter\View\View->render('pages/fitine_home', [], true)
 4 APPPATH/Controllers/Pagecontroller.php(22): view('pages/fitine_home')
 5 SYSTEMPATH/CodeIgniter.php(934): App\Controllers\Pagecontroller->view('fitine_home')
 6 SYSTEMPATH/CodeIgniter.php(499): CodeIgniter\CodeIgniter->runController(Object(App\Controllers\Pagecontroller))
 7 SYSTEMPATH/CodeIgniter.php(368): CodeIgniter\CodeIgniter->handleRequest(null, Object(Config\Cache), false)
 8 FCPATH/index.php(67): CodeIgniter\CodeIgniter->run()
 9 SYSTEMPATH/Commands/Server/rewrite.php(47): require_once('FCPATH/index.php')
CRITICAL - 2023-03-07 00:13:11 --> Invalid file: "templates\hometemplate.php"
in SYSTEMPATH/Exceptions/FrameworkException.php on line 33.
 1 SYSTEMPATH/View/View.php(201): CodeIgniter\Exceptions\FrameworkException::forInvalidFile('templates\\hometemplate.php')
 2 SYSTEMPATH/View/View.php(229): CodeIgniter\View\View->render('templates\\hometemplate', [], true)
 3 SYSTEMPATH/Common.php(1184): CodeIgniter\View\View->render('pages/fitine_home', [], true)
 4 APPPATH/Controllers/Pagecontroller.php(22): view('pages/fitine_home')
 5 SYSTEMPATH/CodeIgniter.php(934): App\Controllers\Pagecontroller->view('fitine_home')
 6 SYSTEMPATH/CodeIgniter.php(499): CodeIgniter\CodeIgniter->runController(Object(App\Controllers\Pagecontroller))
 7 SYSTEMPATH/CodeIgniter.php(368): CodeIgniter\CodeIgniter->handleRequest(null, Object(Config\Cache), false)
 8 FCPATH/index.php(67): CodeIgniter\CodeIgniter->run()
 9 SYSTEMPATH/Commands/Server/rewrite.php(47): require_once('FCPATH/index.php')
CRITICAL - 2023-03-07 00:13:13 --> Invalid file: "templates\hometemplate.php"
in SYSTEMPATH/Exceptions/FrameworkException.php on line 33.
 1 SYSTEMPATH/View/View.php(201): CodeIgniter\Exceptions\FrameworkException::forInvalidFile('templates\\hometemplate.php')
 2 SYSTEMPATH/View/View.php(229): CodeIgniter\View\View->render('templates\\hometemplate', [], true)
 3 SYSTEMPATH/Common.php(1184): CodeIgniter\View\View->render('pages/fitine_home', [], true)
 4 APPPATH/Controllers/Pagecontroller.php(22): view('pages/fitine_home')
 5 SYSTEMPATH/CodeIgniter.php(934): App\Controllers\Pagecontroller->view('fitine_home')
 6 SYSTEMPATH/CodeIgniter.php(499): CodeIgniter\CodeIgniter->runController(Object(App\Controllers\Pagecontroller))
 7 SYSTEMPATH/CodeIgniter.php(368): CodeIgniter\CodeIgniter->handleRequest(null, Object(Config\Cache), false)
 8 FCPATH/index.php(67): CodeIgniter\CodeIgniter->run()
 9 SYSTEMPATH/Commands/Server/rewrite.php(47): require_once('FCPATH/index.php')
CRITICAL - 2023-03-07 00:35:55 --> syntax error, unexpected single-quoted string ");", expecting "]"
in APPPATH/Config/Routes.php on line 60.
 1 SYSTEMPATH/CodeIgniter.php(802): CodeIgniter\Router\RouteCollection->loadRoutes()
 2 SYSTEMPATH/CodeIgniter.php(449): CodeIgniter\CodeIgniter->tryToRouteIt(null)
 3 SYSTEMPATH/CodeIgniter.php(368): CodeIgniter\CodeIgniter->handleRequest(null, Object(Config\Cache), false)
 4 FCPATH/index.php(67): CodeIgniter\CodeIgniter->run()
 5 SYSTEMPATH/Commands/Server/rewrite.php(47): require_once('FCPATH/index.php')
CRITICAL - 2023-03-07 00:40:21 --> Unclosed '[' does not match ')'
in APPPATH/Config/Routes.php on line 45.
 1 SYSTEMPATH/CodeIgniter.php(802): CodeIgniter\Router\RouteCollection->loadRoutes()
 2 SYSTEMPATH/CodeIgniter.php(449): CodeIgniter\CodeIgniter->tryToRouteIt(null)
 3 SYSTEMPATH/CodeIgniter.php(368): CodeIgniter\CodeIgniter->handleRequest(null, Object(Config\Cache), false)
 4 FCPATH/index.php(67): CodeIgniter\CodeIgniter->run()
 5 SYSTEMPATH/Commands/Server/rewrite.php(47): require_once('FCPATH/index.php')
ERROR - 2023-03-07 22:00:23 --> Error connecting to the database: mysqli_sql_exception: No such file or directory in /Applications/AMPPS/www/Fitavate/vendor/codeigniter4/framework/system/Database/MySQLi/Connection.php:173
Stack trace:
#0 /Applications/AMPPS/www/Fitavate/vendor/codeigniter4/framework/system/Database/MySQLi/Connection.php(173): mysqli->real_connect('localhost', 'root', Object(SensitiveParameterValue), 'fitavate', 3306, '', 0)
#1 /Applications/AMPPS/www/Fitavate/vendor/codeigniter4/framework/system/Database/BaseConnection.php(391): CodeIgniter\Database\MySQLi\Connection->connect(false)
#2 /Applications/AMPPS/www/Fitavate/vendor/codeigniter4/framework/system/Database/BaseConnection.php(573): CodeIgniter\Database\BaseConnection->initialize()
#3 /Applications/AMPPS/www/Fitavate/vendor/codeigniter4/framework/system/Database/BaseConnection.php(1408): CodeIgniter\Database\BaseConnection->query('SHOW TABLES FRO...')
#4 /Applications/AMPPS/www/Fitavate/vendor/codeigniter4/framework/system/Commands/Database/ShowTableInfo.php(103): CodeIgniter\Database\BaseConnection->listTables()
#5 /Applications/AMPPS/www/Fitavate/vendor/codeigniter4/framework/system/CLI/Commands.php(65): CodeIgniter\Commands\Database\ShowTableInfo->run(Array)
#6 /Applications/AMPPS/www/Fitavate/vendor/codeigniter4/framework/system/CLI/Console.php(37): CodeIgniter\CLI\Commands->run('db:table', Array)
#7 /Applications/AMPPS/www/Fitavate/spark(97): CodeIgniter\CLI\Console->run()
#8 {main}

Next CodeIgniter\Database\Exceptions\DatabaseException: No such file or directory in /Applications/AMPPS/www/Fitavate/vendor/codeigniter4/framework/system/Database/MySQLi/Connection.php:218
Stack trace:
#0 /Applications/AMPPS/www/Fitavate/vendor/codeigniter4/framework/system/Database/BaseConnection.php(391): CodeIgniter\Database\MySQLi\Connection->connect(false)
#1 /Applications/AMPPS/www/Fitavate/vendor/codeigniter4/framework/system/Database/BaseConnection.php(573): CodeIgniter\Database\BaseConnection->initialize()
#2 /Applications/AMPPS/www/Fitavate/vendor/codeigniter4/framework/system/Database/BaseConnection.php(1408): CodeIgniter\Database\BaseConnection->query('SHOW TABLES FRO...')
#3 /Applications/AMPPS/www/Fitavate/vendor/codeigniter4/framework/system/Commands/Database/ShowTableInfo.php(103): CodeIgniter\Database\BaseConnection->listTables()
#4 /Applications/AMPPS/www/Fitavate/vendor/codeigniter4/framework/system/CLI/Commands.php(65): CodeIgniter\Commands\Database\ShowTableInfo->run(Array)
#5 /Applications/AMPPS/www/Fitavate/vendor/codeigniter4/framework/system/CLI/Console.php(37): CodeIgniter\CLI\Commands->run('db:table', Array)
#6 /Applications/AMPPS/www/Fitavate/spark(97): CodeIgniter\CLI\Console->run()
#7 {main}
CRITICAL - 2023-03-07 22:00:23 --> Unable to connect to the database.
Main connection [MySQLi]: No such file or directory
in SYSTEMPATH/Database/BaseConnection.php on line 427.
 1 SYSTEMPATH/Database/BaseConnection.php(573): CodeIgniter\Database\BaseConnection->initialize()
 2 SYSTEMPATH/Database/BaseConnection.php(1408): CodeIgniter\Database\BaseConnection->query('SHOW TABLES FROM `fitavate`')
 3 SYSTEMPATH/Commands/Database/ShowTableInfo.php(103): CodeIgniter\Database\BaseConnection->listTables()
 4 SYSTEMPATH/CLI/Commands.php(65): CodeIgniter\Commands\Database\ShowTableInfo->run([...])
 5 SYSTEMPATH/CLI/Console.php(37): CodeIgniter\CLI\Commands->run('db:table', [...])
 6 ROOTPATH/spark(97): CodeIgniter\CLI\Console->run()
ERROR - 2023-03-07 22:11:15 --> Error connecting to the database: mysqli_sql_exception: No such file or directory in /Applications/AMPPS/www/Fitavate/vendor/codeigniter4/framework/system/Database/MySQLi/Connection.php:173
Stack trace:
#0 /Applications/AMPPS/www/Fitavate/vendor/codeigniter4/framework/system/Database/MySQLi/Connection.php(173): mysqli->real_connect('localhost', 'root', Object(SensitiveParameterValue), '', 3306, '', 0)
#1 /Applications/AMPPS/www/Fitavate/vendor/codeigniter4/framework/system/Database/BaseConnection.php(391): CodeIgniter\Database\MySQLi\Connection->connect(false)
#2 /Applications/AMPPS/www/Fitavate/vendor/codeigniter4/framework/system/Database/Database.php(67): CodeIgniter\Database\BaseConnection->initialize()
#3 /Applications/AMPPS/www/Fitavate/vendor/codeigniter4/framework/system/Database/Config.php(109): CodeIgniter\Database\Database->loadForge(Object(CodeIgniter\Database\MySQLi\Connection))
#4 /Applications/AMPPS/www/Fitavate/vendor/codeigniter4/framework/system/Commands/Database/CreateDatabase.php(137): CodeIgniter\Database\Config::forge()
#5 /Applications/AMPPS/www/Fitavate/vendor/codeigniter4/framework/system/CLI/Commands.php(65): CodeIgniter\Commands\Database\CreateDatabase->run(Array)
#6 /Applications/AMPPS/www/Fitavate/vendor/codeigniter4/framework/system/CLI/Console.php(37): CodeIgniter\CLI\Commands->run('db:create', Array)
#7 /Applications/AMPPS/www/Fitavate/spark(97): CodeIgniter\CLI\Console->run()
#8 {main}

Next CodeIgniter\Database\Exceptions\DatabaseException: No such file or directory in /Applications/AMPPS/www/Fitavate/vendor/codeigniter4/framework/system/Database/MySQLi/Connection.php:218
Stack trace:
#0 /Applications/AMPPS/www/Fitavate/vendor/codeigniter4/framework/system/Database/BaseConnection.php(391): CodeIgniter\Database\MySQLi\Connection->connect(false)
#1 /Applications/AMPPS/www/Fitavate/vendor/codeigniter4/framework/system/Database/Database.php(67): CodeIgniter\Database\BaseConnection->initialize()
#2 /Applications/AMPPS/www/Fitavate/vendor/codeigniter4/framework/system/Database/Config.php(109): CodeIgniter\Database\Database->loadForge(Object(CodeIgniter\Database\MySQLi\Connection))
#3 /Applications/AMPPS/www/Fitavate/vendor/codeigniter4/framework/system/Commands/Database/CreateDatabase.php(137): CodeIgniter\Database\Config::forge()
#4 /Applications/AMPPS/www/Fitavate/vendor/codeigniter4/framework/system/CLI/Commands.php(65): CodeIgniter\Commands\Database\CreateDatabase->run(Array)
#5 /Applications/AMPPS/www/Fitavate/vendor/codeigniter4/framework/system/CLI/Console.php(37): CodeIgniter\CLI\Commands->run('db:create', Array)
#6 /Applications/AMPPS/www/Fitavate/spark(97): CodeIgniter\CLI\Console->run()
#7 {main}
ERROR - 2023-03-07 22:39:03 --> Error connecting to the database: mysqli_sql_exception: Connection refused in /Applications/AMPPS/www/Fitavate/vendor/codeigniter4/framework/system/Database/MySQLi/Connection.php:173
Stack trace:
#0 /Applications/AMPPS/www/Fitavate/vendor/codeigniter4/framework/system/Database/MySQLi/Connection.php(173): mysqli->real_connect('127.0.0.1', 'root', Object(SensitiveParameterValue), 'fitavate', 3306, '', 0)
#1 /Applications/AMPPS/www/Fitavate/vendor/codeigniter4/framework/system/Database/BaseConnection.php(391): CodeIgniter\Database\MySQLi\Connection->connect(false)
#2 /Applications/AMPPS/www/Fitavate/vendor/codeigniter4/framework/system/Database/BaseConnection.php(573): CodeIgniter\Database\BaseConnection->initialize()
#3 /Applications/AMPPS/www/Fitavate/vendor/codeigniter4/framework/system/Database/BaseConnection.php(1408): CodeIgniter\Database\BaseConnection->query('SHOW TABLES FRO...')
#4 /Applications/AMPPS/www/Fitavate/vendor/codeigniter4/framework/system/Commands/Database/ShowTableInfo.php(103): CodeIgniter\Database\BaseConnection->listTables()
#5 /Applications/AMPPS/www/Fitavate/vendor/codeigniter4/framework/system/CLI/Commands.php(65): CodeIgniter\Commands\Database\ShowTableInfo->run(Array)
#6 /Applications/AMPPS/www/Fitavate/vendor/codeigniter4/framework/system/CLI/Console.php(37): CodeIgniter\CLI\Commands->run('db:table', Array)
#7 /Applications/AMPPS/www/Fitavate/spark(97): CodeIgniter\CLI\Console->run()
#8 {main}

Next CodeIgniter\Database\Exceptions\DatabaseException: Connection refused in /Applications/AMPPS/www/Fitavate/vendor/codeigniter4/framework/system/Database/MySQLi/Connection.php:218
Stack trace:
#0 /Applications/AMPPS/www/Fitavate/vendor/codeigniter4/framework/system/Database/BaseConnection.php(391): CodeIgniter\Database\MySQLi\Connection->connect(false)
#1 /Applications/AMPPS/www/Fitavate/vendor/codeigniter4/framework/system/Database/BaseConnection.php(573): CodeIgniter\Database\BaseConnection->initialize()
#2 /Applications/AMPPS/www/Fitavate/vendor/codeigniter4/framework/system/Database/BaseConnection.php(1408): CodeIgniter\Database\BaseConnection->query('SHOW TABLES FRO...')
#3 /Applications/AMPPS/www/Fitavate/vendor/codeigniter4/framework/system/Commands/Database/ShowTableInfo.php(103): CodeIgniter\Database\BaseConnection->listTables()
#4 /Applications/AMPPS/www/Fitavate/vendor/codeigniter4/framework/system/CLI/Commands.php(65): CodeIgniter\Commands\Database\ShowTableInfo->run(Array)
#5 /Applications/AMPPS/www/Fitavate/vendor/codeigniter4/framework/system/CLI/Console.php(37): CodeIgniter\CLI\Commands->run('db:table', Array)
#6 /Applications/AMPPS/www/Fitavate/spark(97): CodeIgniter\CLI\Console->run()
#7 {main}
CRITICAL - 2023-03-07 22:39:03 --> Unable to connect to the database.
Main connection [MySQLi]: Connection refused
in SYSTEMPATH/Database/BaseConnection.php on line 427.
 1 SYSTEMPATH/Database/BaseConnection.php(573): CodeIgniter\Database\BaseConnection->initialize()
 2 SYSTEMPATH/Database/BaseConnection.php(1408): CodeIgniter\Database\BaseConnection->query('SHOW TABLES FROM `fitavate`')
 3 SYSTEMPATH/Commands/Database/ShowTableInfo.php(103): CodeIgniter\Database\BaseConnection->listTables()
 4 SYSTEMPATH/CLI/Commands.php(65): CodeIgniter\Commands\Database\ShowTableInfo->run([...])
 5 SYSTEMPATH/CLI/Console.php(37): CodeIgniter\CLI\Commands->run('db:table', [...])
 6 ROOTPATH/spark(97): CodeIgniter\CLI\Console->run()
ERROR - 2023-03-07 22:42:16 --> Error connecting to the database: mysqli_sql_exception: Connection refused in /Applications/AMPPS/www/Fitavate/vendor/codeigniter4/framework/system/Database/MySQLi/Connection.php:173
Stack trace:
#0 /Applications/AMPPS/www/Fitavate/vendor/codeigniter4/framework/system/Database/MySQLi/Connection.php(173): mysqli->real_connect('127.0.0.1', 'root', Object(SensitiveParameterValue), 'fitavate', 3306, '', 0)
#1 /Applications/AMPPS/www/Fitavate/vendor/codeigniter4/framework/system/Database/BaseConnection.php(391): CodeIgniter\Database\MySQLi\Connection->connect(false)
#2 /Applications/AMPPS/www/Fitavate/vendor/codeigniter4/framework/system/Database/BaseConnection.php(573): CodeIgniter\Database\BaseConnection->initialize()
#3 /Applications/AMPPS/www/Fitavate/vendor/codeigniter4/framework/system/Database/BaseConnection.php(1408): CodeIgniter\Database\BaseConnection->query('SHOW TABLES FRO...')
#4 /Applications/AMPPS/www/Fitavate/vendor/codeigniter4/framework/system/Commands/Database/ShowTableInfo.php(103): CodeIgniter\Database\BaseConnection->listTables()
#5 /Applications/AMPPS/www/Fitavate/vendor/codeigniter4/framework/system/CLI/Commands.php(65): CodeIgniter\Commands\Database\ShowTableInfo->run(Array)
#6 /Applications/AMPPS/www/Fitavate/vendor/codeigniter4/framework/system/CLI/Console.php(37): CodeIgniter\CLI\Commands->run('db:table', Array)
#7 /Applications/AMPPS/www/Fitavate/spark(97): CodeIgniter\CLI\Console->run()
#8 {main}

Next CodeIgniter\Database\Exceptions\DatabaseException: Connection refused in /Applications/AMPPS/www/Fitavate/vendor/codeigniter4/framework/system/Database/MySQLi/Connection.php:218
Stack trace:
#0 /Applications/AMPPS/www/Fitavate/vendor/codeigniter4/framework/system/Database/BaseConnection.php(391): CodeIgniter\Database\MySQLi\Connection->connect(false)
#1 /Applications/AMPPS/www/Fitavate/vendor/codeigniter4/framework/system/Database/BaseConnection.php(573): CodeIgniter\Database\BaseConnection->initialize()
#2 /Applications/AMPPS/www/Fitavate/vendor/codeigniter4/framework/system/Database/BaseConnection.php(1408): CodeIgniter\Database\BaseConnection->query('SHOW TABLES FRO...')
#3 /Applications/AMPPS/www/Fitavate/vendor/codeigniter4/framework/system/Commands/Database/ShowTableInfo.php(103): CodeIgniter\Database\BaseConnection->listTables()
#4 /Applications/AMPPS/www/Fitavate/vendor/codeigniter4/framework/system/CLI/Commands.php(65): CodeIgniter\Commands\Database\ShowTableInfo->run(Array)
#5 /Applications/AMPPS/www/Fitavate/vendor/codeigniter4/framework/system/CLI/Console.php(37): CodeIgniter\CLI\Commands->run('db:table', Array)
#6 /Applications/AMPPS/www/Fitavate/spark(97): CodeIgniter\CLI\Console->run()
#7 {main}
CRITICAL - 2023-03-07 22:42:16 --> Unable to connect to the database.
Main connection [MySQLi]: Connection refused
in SYSTEMPATH/Database/BaseConnection.php on line 427.
 1 SYSTEMPATH/Database/BaseConnection.php(573): CodeIgniter\Database\BaseConnection->initialize()
 2 SYSTEMPATH/Database/BaseConnection.php(1408): CodeIgniter\Database\BaseConnection->query('SHOW TABLES FROM `fitavate`')
 3 SYSTEMPATH/Commands/Database/ShowTableInfo.php(103): CodeIgniter\Database\BaseConnection->listTables()
 4 SYSTEMPATH/CLI/Commands.php(65): CodeIgniter\Commands\Database\ShowTableInfo->run([...])
 5 SYSTEMPATH/CLI/Console.php(37): CodeIgniter\CLI\Commands->run('db:table', [...])
 6 ROOTPATH/spark(97): CodeIgniter\CLI\Console->run()
ERROR - 2023-03-07 22:53:26 --> Error connecting to the database: ErrorException: mysqli::real_connect(): Error while reading greeting packet. PID=98116 in /Applications/AMPPS/www/Fitavate/vendor/codeigniter4/framework/system/Database/MySQLi/Connection.php:173
Stack trace:
#0 [internal function]: CodeIgniter\Debug\Exceptions->errorHandler(2, 'mysqli::real_co...', '/Applications/A...', 173)
#1 /Applications/AMPPS/www/Fitavate/vendor/codeigniter4/framework/system/Database/MySQLi/Connection.php(173): mysqli->real_connect('127.0.0.1:8080', 'root', Object(SensitiveParameterValue), 'fitavate_db', 3306, '', 0)
#2 /Applications/AMPPS/www/Fitavate/vendor/codeigniter4/framework/system/Database/BaseConnection.php(391): CodeIgniter\Database\MySQLi\Connection->connect(false)
#3 /Applications/AMPPS/www/Fitavate/vendor/codeigniter4/framework/system/Database/BaseConnection.php(573): CodeIgniter\Database\BaseConnection->initialize()
#4 /Applications/AMPPS/www/Fitavate/vendor/codeigniter4/framework/system/Database/BaseConnection.php(1408): CodeIgniter\Database\BaseConnection->query('SHOW TABLES FRO...')
#5 /Applications/AMPPS/www/Fitavate/vendor/codeigniter4/framework/system/Commands/Database/ShowTableInfo.php(103): CodeIgniter\Database\BaseConnection->listTables()
#6 /Applications/AMPPS/www/Fitavate/vendor/codeigniter4/framework/system/CLI/Commands.php(65): CodeIgniter\Commands\Database\ShowTableInfo->run(Array)
#7 /Applications/AMPPS/www/Fitavate/vendor/codeigniter4/framework/system/CLI/Console.php(37): CodeIgniter\CLI\Commands->run('db:table', Array)
#8 /Applications/AMPPS/www/Fitavate/spark(97): CodeIgniter\CLI\Console->run()
#9 {main}

Next mysqli_sql_exception: MySQL server has gone away in /Applications/AMPPS/www/Fitavate/vendor/codeigniter4/framework/system/Database/MySQLi/Connection.php:173
Stack trace:
#0 /Applications/AMPPS/www/Fitavate/vendor/codeigniter4/framework/system/Database/MySQLi/Connection.php(173): mysqli->real_connect('127.0.0.1:8080', 'root', Object(SensitiveParameterValue), 'fitavate_db', 3306, '', 0)
#1 /Applications/AMPPS/www/Fitavate/vendor/codeigniter4/framework/system/Database/BaseConnection.php(391): CodeIgniter\Database\MySQLi\Connection->connect(false)
#2 /Applications/AMPPS/www/Fitavate/vendor/codeigniter4/framework/system/Database/BaseConnection.php(573): CodeIgniter\Database\BaseConnection->initialize()
#3 /Applications/AMPPS/www/Fitavate/vendor/codeigniter4/framework/system/Database/BaseConnection.php(1408): CodeIgniter\Database\BaseConnection->query('SHOW TABLES FRO...')
#4 /Applications/AMPPS/www/Fitavate/vendor/codeigniter4/framework/system/Commands/Database/ShowTableInfo.php(103): CodeIgniter\Database\BaseConnection->listTables()
#5 /Applications/AMPPS/www/Fitavate/vendor/codeigniter4/framework/system/CLI/Commands.php(65): CodeIgniter\Commands\Database\ShowTableInfo->run(Array)
#6 /Applications/AMPPS/www/Fitavate/vendor/codeigniter4/framework/system/CLI/Console.php(37): CodeIgniter\CLI\Commands->run('db:table', Array)
#7 /Applications/AMPPS/www/Fitavate/spark(97): CodeIgniter\CLI\Console->run()
#8 {main}

Next CodeIgniter\Database\Exceptions\DatabaseException: MySQL server has gone away in /Applications/AMPPS/www/Fitavate/vendor/codeigniter4/framework/system/Database/MySQLi/Connection.php:218
Stack trace:
#0 /Applications/AMPPS/www/Fitavate/vendor/codeigniter4/framework/system/Database/BaseConnection.php(391): CodeIgniter\Database\MySQLi\Connection->connect(false)
#1 /Applications/AMPPS/www/Fitavate/vendor/codeigniter4/framework/system/Database/BaseConnection.php(573): CodeIgniter\Database\BaseConnection->initialize()
#2 /Applications/AMPPS/www/Fitavate/vendor/codeigniter4/framework/system/Database/BaseConnection.php(1408): CodeIgniter\Database\BaseConnection->query('SHOW TABLES FRO...')
#3 /Applications/AMPPS/www/Fitavate/vendor/codeigniter4/framework/system/Commands/Database/ShowTableInfo.php(103): CodeIgniter\Database\BaseConnection->listTables()
#4 /Applications/AMPPS/www/Fitavate/vendor/codeigniter4/framework/system/CLI/Commands.php(65): CodeIgniter\Commands\Database\ShowTableInfo->run(Array)
#5 /Applications/AMPPS/www/Fitavate/vendor/codeigniter4/framework/system/CLI/Console.php(37): CodeIgniter\CLI\Commands->run('db:table', Array)
#6 /Applications/AMPPS/www/Fitavate/spark(97): CodeIgniter\CLI\Console->run()
#7 {main}
CRITICAL - 2023-03-07 22:53:26 --> Unable to connect to the database.
Main connection [MySQLi]: MySQL server has gone away
in SYSTEMPATH/Database/BaseConnection.php on line 427.
 1 SYSTEMPATH/Database/BaseConnection.php(573): CodeIgniter\Database\BaseConnection->initialize()
 2 SYSTEMPATH/Database/BaseConnection.php(1408): CodeIgniter\Database\BaseConnection->query('SHOW TABLES FROM `fitavate_db`')
 3 SYSTEMPATH/Commands/Database/ShowTableInfo.php(103): CodeIgniter\Database\BaseConnection->listTables()
 4 SYSTEMPATH/CLI/Commands.php(65): CodeIgniter\Commands\Database\ShowTableInfo->run([...])
 5 SYSTEMPATH/CLI/Console.php(37): CodeIgniter\CLI\Commands->run('db:table', [...])
 6 ROOTPATH/spark(97): CodeIgniter\CLI\Console->run()
