ERROR - 2023-03-09 17:00:39 --> Error connecting to the database: mysqli_sql_exception: No such file or directory in /Applications/AMPPS/www/Fitavate/vendor/codeigniter4/framework/system/Database/MySQLi/Connection.php:173
Stack trace:
#0 /Applications/AMPPS/www/Fitavate/vendor/codeigniter4/framework/system/Database/MySQLi/Connection.php(173): mysqli->real_connect('localhost', 'root', Object(SensitiveParameterValue), 'fitavate', 3306, '', 0)
#1 /Applications/AMPPS/www/Fitavate/vendor/codeigniter4/framework/system/Database/BaseConnection.php(391): CodeIgniter\Database\MySQLi\Connection->connect(false)
#2 /Applications/AMPPS/www/Fitavate/vendor/codeigniter4/framework/system/Database/BaseConnection.php(573): CodeIgniter\Database\BaseConnection->initialize()
#3 /Applications/AMPPS/www/Fitavate/vendor/codeigniter4/framework/system/Database/BaseConnection.php(1408): CodeIgniter\Database\BaseConnection->query('SHOW TABLES FRO...')
#4 /Applications/AMPPS/www/Fitavate/vendor/codeigniter4/framework/system/Commands/Database/ShowTableInfo.php(103): CodeIgniter\Database\BaseConnection->listTables()
#5 /Applications/AMPPS/www/Fitavate/vendor/codeigniter4/framework/system/CLI/Commands.php(65): CodeIgniter\Commands\Database\ShowTableInfo->run(Array)
#6 /Applications/AMPPS/www/Fitavate/vendor/codeigniter4/framework/system/CLI/Console.php(37): CodeIgniter\CLI\Commands->run('db:table', Array)
#7 /Applications/AMPPS/www/Fitavate/spark(97): CodeIgniter\CLI\Console->run()
#8 {main}

Next CodeIgniter\Database\Exceptions\DatabaseException: No such file or directory in /Applications/AMPPS/www/Fitavate/vendor/codeigniter4/framework/system/Database/MySQLi/Connection.php:218
Stack trace:
#0 /Applications/AMPPS/www/Fitavate/vendor/codeigniter4/framework/system/Database/BaseConnection.php(391): CodeIgniter\Database\MySQLi\Connection->connect(false)
#1 /Applications/AMPPS/www/Fitavate/vendor/codeigniter4/framework/system/Database/BaseConnection.php(573): CodeIgniter\Database\BaseConnection->initialize()
#2 /Applications/AMPPS/www/Fitavate/vendor/codeigniter4/framework/system/Database/BaseConnection.php(1408): CodeIgniter\Database\BaseConnection->query('SHOW TABLES FRO...')
#3 /Applications/AMPPS/www/Fitavate/vendor/codeigniter4/framework/system/Commands/Database/ShowTableInfo.php(103): CodeIgniter\Database\BaseConnection->listTables()
#4 /Applications/AMPPS/www/Fitavate/vendor/codeigniter4/framework/system/CLI/Commands.php(65): CodeIgniter\Commands\Database\ShowTableInfo->run(Array)
#5 /Applications/AMPPS/www/Fitavate/vendor/codeigniter4/framework/system/CLI/Console.php(37): CodeIgniter\CLI\Commands->run('db:table', Array)
#6 /Applications/AMPPS/www/Fitavate/spark(97): CodeIgniter\CLI\Console->run()
#7 {main}
CRITICAL - 2023-03-09 17:00:39 --> Unable to connect to the database.
Main connection [MySQLi]: No such file or directory
in SYSTEMPATH/Database/BaseConnection.php on line 427.
 1 SYSTEMPATH/Database/BaseConnection.php(573): CodeIgniter\Database\BaseConnection->initialize()
 2 SYSTEMPATH/Database/BaseConnection.php(1408): CodeIgniter\Database\BaseConnection->query('SHOW TABLES FROM `fitavate`')
 3 SYSTEMPATH/Commands/Database/ShowTableInfo.php(103): CodeIgniter\Database\BaseConnection->listTables()
 4 SYSTEMPATH/CLI/Commands.php(65): CodeIgniter\Commands\Database\ShowTableInfo->run([...])
 5 SYSTEMPATH/CLI/Console.php(37): CodeIgniter\CLI\Commands->run('db:table', [...])
 6 ROOTPATH/spark(97): CodeIgniter\CLI\Console->run()
CRITICAL - 2023-03-09 17:15:13 --> Undefined variable $data
in APPPATH/Views/pages/fitine_home.php on line 17.
 1 APPPATH/Views/pages/fitine_home.php(17): CodeIgniter\Debug\Exceptions->errorHandler(2, 'Undefined variable $data', 'APPPATH/Views/pages/fitine_home.php', 17)
 2 SYSTEMPATH/View/View.php(213): include('APPPATH/Views/pages/fitine_home.php')
 3 SYSTEMPATH/View/View.php(216): CodeIgniter\View\View->CodeIgniter\View\{closure}()
 4 SYSTEMPATH/Common.php(1184): CodeIgniter\View\View->render('pages/fitine_home', [], true)
 5 APPPATH/Controllers/Pagecontroller.php(17): view('pages/fitine_home')
 6 SYSTEMPATH/CodeIgniter.php(934): App\Controllers\Pagecontroller->view('fitine_home')
 7 SYSTEMPATH/CodeIgniter.php(499): CodeIgniter\CodeIgniter->runController(Object(App\Controllers\Pagecontroller))
 8 SYSTEMPATH/CodeIgniter.php(368): CodeIgniter\CodeIgniter->handleRequest(null, Object(Config\Cache), false)
 9 FCPATH/index.php(67): CodeIgniter\CodeIgniter->run()
10 SYSTEMPATH/Commands/Server/rewrite.php(47): require_once('FCPATH/index.php')
CRITICAL - 2023-03-09 17:19:38 --> Undefined variable $data
in APPPATH/Views/pages/fitine_home.php on line 17.
 1 APPPATH/Views/pages/fitine_home.php(17): CodeIgniter\Debug\Exceptions->errorHandler(2, 'Undefined variable $data', 'APPPATH/Views/pages/fitine_home.php', 17)
 2 SYSTEMPATH/View/View.php(213): include('APPPATH/Views/pages/fitine_home.php')
 3 SYSTEMPATH/View/View.php(216): CodeIgniter\View\View->CodeIgniter\View\{closure}()
 4 SYSTEMPATH/Common.php(1184): CodeIgniter\View\View->render('pages/fitine_home', [], true)
 5 APPPATH/Controllers/Pagecontroller.php(17): view('pages/fitine_home')
 6 SYSTEMPATH/CodeIgniter.php(934): App\Controllers\Pagecontroller->view('fitine_home')
 7 SYSTEMPATH/CodeIgniter.php(499): CodeIgniter\CodeIgniter->runController(Object(App\Controllers\Pagecontroller))
 8 SYSTEMPATH/CodeIgniter.php(368): CodeIgniter\CodeIgniter->handleRequest(null, Object(Config\Cache), false)
 9 FCPATH/index.php(67): CodeIgniter\CodeIgniter->run()
10 SYSTEMPATH/Commands/Server/rewrite.php(47): require_once('FCPATH/index.php')
CRITICAL - 2023-03-09 17:21:38 --> Undefined variable $data
in APPPATH/Views/pages/fitine_home.php on line 4.
 1 APPPATH/Views/pages/fitine_home.php(4): CodeIgniter\Debug\Exceptions->errorHandler(2, 'Undefined variable $data', 'APPPATH/Views/pages/fitine_home.php', 4)
 2 SYSTEMPATH/View/View.php(213): include('APPPATH/Views/pages/fitine_home.php')
 3 SYSTEMPATH/View/View.php(216): CodeIgniter\View\View->CodeIgniter\View\{closure}()
 4 SYSTEMPATH/Common.php(1184): CodeIgniter\View\View->render('pages/fitine_home', [], true)
 5 APPPATH/Controllers/Pagecontroller.php(17): view('pages/fitine_home')
 6 SYSTEMPATH/CodeIgniter.php(934): App\Controllers\Pagecontroller->view('fitine_home')
 7 SYSTEMPATH/CodeIgniter.php(499): CodeIgniter\CodeIgniter->runController(Object(App\Controllers\Pagecontroller))
 8 SYSTEMPATH/CodeIgniter.php(368): CodeIgniter\CodeIgniter->handleRequest(null, Object(Config\Cache), false)
 9 FCPATH/index.php(67): CodeIgniter\CodeIgniter->run()
10 SYSTEMPATH/Commands/Server/rewrite.php(47): require_once('FCPATH/index.php')
CRITICAL - 2023-03-09 17:22:23 --> Undefined variable $data
in APPPATH/Views/pages/fitine_home.php on line 4.
 1 APPPATH/Views/pages/fitine_home.php(4): CodeIgniter\Debug\Exceptions->errorHandler(2, 'Undefined variable $data', 'APPPATH/Views/pages/fitine_home.php', 4)
 2 SYSTEMPATH/View/View.php(213): include('APPPATH/Views/pages/fitine_home.php')
 3 SYSTEMPATH/View/View.php(216): CodeIgniter\View\View->CodeIgniter\View\{closure}()
 4 SYSTEMPATH/Common.php(1184): CodeIgniter\View\View->render('pages/fitine_home', [], true)
 5 APPPATH/Controllers/Pagecontroller.php(17): view('pages/fitine_home')
 6 SYSTEMPATH/CodeIgniter.php(934): App\Controllers\Pagecontroller->view('fitine_home')
 7 SYSTEMPATH/CodeIgniter.php(499): CodeIgniter\CodeIgniter->runController(Object(App\Controllers\Pagecontroller))
 8 SYSTEMPATH/CodeIgniter.php(368): CodeIgniter\CodeIgniter->handleRequest(null, Object(Config\Cache), false)
 9 FCPATH/index.php(67): CodeIgniter\CodeIgniter->run()
10 SYSTEMPATH/Commands/Server/rewrite.php(47): require_once('FCPATH/index.php')
CRITICAL - 2023-03-09 17:22:24 --> Undefined variable $data
in APPPATH/Views/pages/fitine_home.php on line 4.
 1 APPPATH/Views/pages/fitine_home.php(4): CodeIgniter\Debug\Exceptions->errorHandler(2, 'Undefined variable $data', 'APPPATH/Views/pages/fitine_home.php', 4)
 2 SYSTEMPATH/View/View.php(213): include('APPPATH/Views/pages/fitine_home.php')
 3 SYSTEMPATH/View/View.php(216): CodeIgniter\View\View->CodeIgniter\View\{closure}()
 4 SYSTEMPATH/Common.php(1184): CodeIgniter\View\View->render('pages/fitine_home', [], true)
 5 APPPATH/Controllers/Pagecontroller.php(17): view('pages/fitine_home')
 6 SYSTEMPATH/CodeIgniter.php(934): App\Controllers\Pagecontroller->view('fitine_home')
 7 SYSTEMPATH/CodeIgniter.php(499): CodeIgniter\CodeIgniter->runController(Object(App\Controllers\Pagecontroller))
 8 SYSTEMPATH/CodeIgniter.php(368): CodeIgniter\CodeIgniter->handleRequest(null, Object(Config\Cache), false)
 9 FCPATH/index.php(67): CodeIgniter\CodeIgniter->run()
10 SYSTEMPATH/Commands/Server/rewrite.php(47): require_once('FCPATH/index.php')
ERROR - 2023-03-09 17:27:11 --> Error connecting to the database: mysqli_sql_exception: No such file or directory in /Applications/AMPPS/www/Fitavate/vendor/codeigniter4/framework/system/Database/MySQLi/Connection.php:173
Stack trace:
#0 /Applications/AMPPS/www/Fitavate/vendor/codeigniter4/framework/system/Database/MySQLi/Connection.php(173): mysqli->real_connect('localhost', 'root', Object(SensitiveParameterValue), 'fitavate', 3306, '', 0)
#1 /Applications/AMPPS/www/Fitavate/vendor/codeigniter4/framework/system/Database/BaseConnection.php(391): CodeIgniter\Database\MySQLi\Connection->connect(false)
#2 /Applications/AMPPS/www/Fitavate/vendor/codeigniter4/framework/system/Database/BaseConnection.php(573): CodeIgniter\Database\BaseConnection->initialize()
#3 /Applications/AMPPS/www/Fitavate/vendor/codeigniter4/framework/system/Database/BaseConnection.php(1408): CodeIgniter\Database\BaseConnection->query('SHOW TABLES FRO...')
#4 /Applications/AMPPS/www/Fitavate/vendor/codeigniter4/framework/system/Commands/Database/ShowTableInfo.php(103): CodeIgniter\Database\BaseConnection->listTables()
#5 /Applications/AMPPS/www/Fitavate/vendor/codeigniter4/framework/system/CLI/Commands.php(65): CodeIgniter\Commands\Database\ShowTableInfo->run(Array)
#6 /Applications/AMPPS/www/Fitavate/vendor/codeigniter4/framework/system/CLI/Console.php(37): CodeIgniter\CLI\Commands->run('db:table', Array)
#7 /Applications/AMPPS/www/Fitavate/spark(97): CodeIgniter\CLI\Console->run()
#8 {main}

Next CodeIgniter\Database\Exceptions\DatabaseException: No such file or directory in /Applications/AMPPS/www/Fitavate/vendor/codeigniter4/framework/system/Database/MySQLi/Connection.php:218
Stack trace:
#0 /Applications/AMPPS/www/Fitavate/vendor/codeigniter4/framework/system/Database/BaseConnection.php(391): CodeIgniter\Database\MySQLi\Connection->connect(false)
#1 /Applications/AMPPS/www/Fitavate/vendor/codeigniter4/framework/system/Database/BaseConnection.php(573): CodeIgniter\Database\BaseConnection->initialize()
#2 /Applications/AMPPS/www/Fitavate/vendor/codeigniter4/framework/system/Database/BaseConnection.php(1408): CodeIgniter\Database\BaseConnection->query('SHOW TABLES FRO...')
#3 /Applications/AMPPS/www/Fitavate/vendor/codeigniter4/framework/system/Commands/Database/ShowTableInfo.php(103): CodeIgniter\Database\BaseConnection->listTables()
#4 /Applications/AMPPS/www/Fitavate/vendor/codeigniter4/framework/system/CLI/Commands.php(65): CodeIgniter\Commands\Database\ShowTableInfo->run(Array)
#5 /Applications/AMPPS/www/Fitavate/vendor/codeigniter4/framework/system/CLI/Console.php(37): CodeIgniter\CLI\Commands->run('db:table', Array)
#6 /Applications/AMPPS/www/Fitavate/spark(97): CodeIgniter\CLI\Console->run()
#7 {main}
CRITICAL - 2023-03-09 17:27:11 --> Unable to connect to the database.
Main connection [MySQLi]: No such file or directory
in SYSTEMPATH/Database/BaseConnection.php on line 427.
 1 SYSTEMPATH/Database/BaseConnection.php(573): CodeIgniter\Database\BaseConnection->initialize()
 2 SYSTEMPATH/Database/BaseConnection.php(1408): CodeIgniter\Database\BaseConnection->query('SHOW TABLES FROM `fitavate`')
 3 SYSTEMPATH/Commands/Database/ShowTableInfo.php(103): CodeIgniter\Database\BaseConnection->listTables()
 4 SYSTEMPATH/CLI/Commands.php(65): CodeIgniter\Commands\Database\ShowTableInfo->run([...])
 5 SYSTEMPATH/CLI/Console.php(37): CodeIgniter\CLI\Commands->run('db:table', [...])
 6 ROOTPATH/spark(97): CodeIgniter\CLI\Console->run()
