ERROR - 2023-03-06 18:18:43 --> Error connecting to the database: mysqli_sql_exception: No such file or directory in /Applications/AMPPS/www/fitavateMVC/vendor/codeigniter4/framework/system/Database/MySQLi/Connection.php:173
Stack trace:
#0 /Applications/AMPPS/www/fitavateMVC/vendor/codeigniter4/framework/system/Database/MySQLi/Connection.php(173): mysqli->real_connect('localhost', 'root', Object(SensitiveParameterValue), 'fitavate', 3306, '', 0)
#1 /Applications/AMPPS/www/fitavateMVC/vendor/codeigniter4/framework/system/Database/BaseConnection.php(391): CodeIgniter\Database\MySQLi\Connection->connect(false)
#2 /Applications/AMPPS/www/fitavateMVC/vendor/codeigniter4/framework/system/Database/BaseConnection.php(573): CodeIgniter\Database\BaseConnection->initialize()
#3 /Applications/AMPPS/www/fitavateMVC/vendor/codeigniter4/framework/system/Database/BaseConnection.php(1408): CodeIgniter\Database\BaseConnection->query('SHOW TABLES FRO...')
#4 /Applications/AMPPS/www/fitavateMVC/vendor/codeigniter4/framework/system/Commands/Database/ShowTableInfo.php(103): CodeIgniter\Database\BaseConnection->listTables()
#5 /Applications/AMPPS/www/fitavateMVC/vendor/codeigniter4/framework/system/CLI/Commands.php(65): CodeIgniter\Commands\Database\ShowTableInfo->run(Array)
#6 /Applications/AMPPS/www/fitavateMVC/vendor/codeigniter4/framework/system/CLI/Console.php(37): CodeIgniter\CLI\Commands->run('db:table', Array)
#7 /Applications/AMPPS/www/fitavateMVC/spark(97): CodeIgniter\CLI\Console->run()
#8 {main}

Next CodeIgniter\Database\Exceptions\DatabaseException: No such file or directory in /Applications/AMPPS/www/fitavateMVC/vendor/codeigniter4/framework/system/Database/MySQLi/Connection.php:218
Stack trace:
#0 /Applications/AMPPS/www/fitavateMVC/vendor/codeigniter4/framework/system/Database/BaseConnection.php(391): CodeIgniter\Database\MySQLi\Connection->connect(false)
#1 /Applications/AMPPS/www/fitavateMVC/vendor/codeigniter4/framework/system/Database/BaseConnection.php(573): CodeIgniter\Database\BaseConnection->initialize()
#2 /Applications/AMPPS/www/fitavateMVC/vendor/codeigniter4/framework/system/Database/BaseConnection.php(1408): CodeIgniter\Database\BaseConnection->query('SHOW TABLES FRO...')
#3 /Applications/AMPPS/www/fitavateMVC/vendor/codeigniter4/framework/system/Commands/Database/ShowTableInfo.php(103): CodeIgniter\Database\BaseConnection->listTables()
#4 /Applications/AMPPS/www/fitavateMVC/vendor/codeigniter4/framework/system/CLI/Commands.php(65): CodeIgniter\Commands\Database\ShowTableInfo->run(Array)
#5 /Applications/AMPPS/www/fitavateMVC/vendor/codeigniter4/framework/system/CLI/Console.php(37): CodeIgniter\CLI\Commands->run('db:table', Array)
#6 /Applications/AMPPS/www/fitavateMVC/spark(97): CodeIgniter\CLI\Console->run()
#7 {main}
CRITICAL - 2023-03-06 18:18:43 --> Unable to connect to the database.
Main connection [MySQLi]: No such file or directory
in SYSTEMPATH/Database/BaseConnection.php on line 427.
 1 SYSTEMPATH/Database/BaseConnection.php(573): CodeIgniter\Database\BaseConnection->initialize()
 2 SYSTEMPATH/Database/BaseConnection.php(1408): CodeIgniter\Database\BaseConnection->query('SHOW TABLES FROM `fitavate`')
 3 SYSTEMPATH/Commands/Database/ShowTableInfo.php(103): CodeIgniter\Database\BaseConnection->listTables()
 4 SYSTEMPATH/CLI/Commands.php(65): CodeIgniter\Commands\Database\ShowTableInfo->run([...])
 5 SYSTEMPATH/CLI/Console.php(37): CodeIgniter\CLI\Commands->run('db:table', [...])
 6 ROOTPATH/spark(97): CodeIgniter\CLI\Console->run()
ERROR - 2023-03-06 18:21:01 --> Error connecting to the database: mysqli_sql_exception: No such file or directory in /Applications/AMPPS/www/fitavateMVC/vendor/codeigniter4/framework/system/Database/MySQLi/Connection.php:173
Stack trace:
#0 /Applications/AMPPS/www/fitavateMVC/vendor/codeigniter4/framework/system/Database/MySQLi/Connection.php(173): mysqli->real_connect('localhost', 'root', Object(SensitiveParameterValue), 'fitavate', 3306, '', 0)
#1 /Applications/AMPPS/www/fitavateMVC/vendor/codeigniter4/framework/system/Database/BaseConnection.php(391): CodeIgniter\Database\MySQLi\Connection->connect(false)
#2 /Applications/AMPPS/www/fitavateMVC/vendor/codeigniter4/framework/system/Database/BaseConnection.php(573): CodeIgniter\Database\BaseConnection->initialize()
#3 /Applications/AMPPS/www/fitavateMVC/vendor/codeigniter4/framework/system/Database/BaseConnection.php(1408): CodeIgniter\Database\BaseConnection->query('SHOW TABLES FRO...')
#4 /Applications/AMPPS/www/fitavateMVC/vendor/codeigniter4/framework/system/Commands/Database/ShowTableInfo.php(103): CodeIgniter\Database\BaseConnection->listTables()
#5 /Applications/AMPPS/www/fitavateMVC/vendor/codeigniter4/framework/system/CLI/Commands.php(65): CodeIgniter\Commands\Database\ShowTableInfo->run(Array)
#6 /Applications/AMPPS/www/fitavateMVC/vendor/codeigniter4/framework/system/CLI/Console.php(37): CodeIgniter\CLI\Commands->run('db:table', Array)
#7 /Applications/AMPPS/www/fitavateMVC/spark(97): CodeIgniter\CLI\Console->run()
#8 {main}

Next CodeIgniter\Database\Exceptions\DatabaseException: No such file or directory in /Applications/AMPPS/www/fitavateMVC/vendor/codeigniter4/framework/system/Database/MySQLi/Connection.php:218
Stack trace:
#0 /Applications/AMPPS/www/fitavateMVC/vendor/codeigniter4/framework/system/Database/BaseConnection.php(391): CodeIgniter\Database\MySQLi\Connection->connect(false)
#1 /Applications/AMPPS/www/fitavateMVC/vendor/codeigniter4/framework/system/Database/BaseConnection.php(573): CodeIgniter\Database\BaseConnection->initialize()
#2 /Applications/AMPPS/www/fitavateMVC/vendor/codeigniter4/framework/system/Database/BaseConnection.php(1408): CodeIgniter\Database\BaseConnection->query('SHOW TABLES FRO...')
#3 /Applications/AMPPS/www/fitavateMVC/vendor/codeigniter4/framework/system/Commands/Database/ShowTableInfo.php(103): CodeIgniter\Database\BaseConnection->listTables()
#4 /Applications/AMPPS/www/fitavateMVC/vendor/codeigniter4/framework/system/CLI/Commands.php(65): CodeIgniter\Commands\Database\ShowTableInfo->run(Array)
#5 /Applications/AMPPS/www/fitavateMVC/vendor/codeigniter4/framework/system/CLI/Console.php(37): CodeIgniter\CLI\Commands->run('db:table', Array)
#6 /Applications/AMPPS/www/fitavateMVC/spark(97): CodeIgniter\CLI\Console->run()
#7 {main}
CRITICAL - 2023-03-06 18:21:01 --> Unable to connect to the database.
Main connection [MySQLi]: No such file or directory
in SYSTEMPATH/Database/BaseConnection.php on line 427.
 1 SYSTEMPATH/Database/BaseConnection.php(573): CodeIgniter\Database\BaseConnection->initialize()
 2 SYSTEMPATH/Database/BaseConnection.php(1408): CodeIgniter\Database\BaseConnection->query('SHOW TABLES FROM `fitavate`')
 3 SYSTEMPATH/Commands/Database/ShowTableInfo.php(103): CodeIgniter\Database\BaseConnection->listTables()
 4 SYSTEMPATH/CLI/Commands.php(65): CodeIgniter\Commands\Database\ShowTableInfo->run([...])
 5 SYSTEMPATH/CLI/Console.php(37): CodeIgniter\CLI\Commands->run('db:table', [...])
 6 ROOTPATH/spark(97): CodeIgniter\CLI\Console->run()
ERROR - 2023-03-06 18:22:11 --> Error connecting to the database: mysqli_sql_exception: No such file or directory in /Applications/AMPPS/www/fitavateMVC/vendor/codeigniter4/framework/system/Database/MySQLi/Connection.php:173
Stack trace:
#0 /Applications/AMPPS/www/fitavateMVC/vendor/codeigniter4/framework/system/Database/MySQLi/Connection.php(173): mysqli->real_connect('localhost', 'root', Object(SensitiveParameterValue), 'fitavate', 3306, '', 0)
#1 /Applications/AMPPS/www/fitavateMVC/vendor/codeigniter4/framework/system/Database/BaseConnection.php(391): CodeIgniter\Database\MySQLi\Connection->connect(false)
#2 /Applications/AMPPS/www/fitavateMVC/vendor/codeigniter4/framework/system/Database/BaseConnection.php(573): CodeIgniter\Database\BaseConnection->initialize()
#3 /Applications/AMPPS/www/fitavateMVC/vendor/codeigniter4/framework/system/Database/BaseConnection.php(1408): CodeIgniter\Database\BaseConnection->query('SHOW TABLES FRO...')
#4 /Applications/AMPPS/www/fitavateMVC/vendor/codeigniter4/framework/system/Commands/Database/ShowTableInfo.php(103): CodeIgniter\Database\BaseConnection->listTables()
#5 /Applications/AMPPS/www/fitavateMVC/vendor/codeigniter4/framework/system/CLI/Commands.php(65): CodeIgniter\Commands\Database\ShowTableInfo->run(Array)
#6 /Applications/AMPPS/www/fitavateMVC/vendor/codeigniter4/framework/system/CLI/Console.php(37): CodeIgniter\CLI\Commands->run('db:table', Array)
#7 /Applications/AMPPS/www/fitavateMVC/spark(97): CodeIgniter\CLI\Console->run()
#8 {main}

Next CodeIgniter\Database\Exceptions\DatabaseException: No such file or directory in /Applications/AMPPS/www/fitavateMVC/vendor/codeigniter4/framework/system/Database/MySQLi/Connection.php:218
Stack trace:
#0 /Applications/AMPPS/www/fitavateMVC/vendor/codeigniter4/framework/system/Database/BaseConnection.php(391): CodeIgniter\Database\MySQLi\Connection->connect(false)
#1 /Applications/AMPPS/www/fitavateMVC/vendor/codeigniter4/framework/system/Database/BaseConnection.php(573): CodeIgniter\Database\BaseConnection->initialize()
#2 /Applications/AMPPS/www/fitavateMVC/vendor/codeigniter4/framework/system/Database/BaseConnection.php(1408): CodeIgniter\Database\BaseConnection->query('SHOW TABLES FRO...')
#3 /Applications/AMPPS/www/fitavateMVC/vendor/codeigniter4/framework/system/Commands/Database/ShowTableInfo.php(103): CodeIgniter\Database\BaseConnection->listTables()
#4 /Applications/AMPPS/www/fitavateMVC/vendor/codeigniter4/framework/system/CLI/Commands.php(65): CodeIgniter\Commands\Database\ShowTableInfo->run(Array)
#5 /Applications/AMPPS/www/fitavateMVC/vendor/codeigniter4/framework/system/CLI/Console.php(37): CodeIgniter\CLI\Commands->run('db:table', Array)
#6 /Applications/AMPPS/www/fitavateMVC/spark(97): CodeIgniter\CLI\Console->run()
#7 {main}
CRITICAL - 2023-03-06 18:22:11 --> Unable to connect to the database.
Main connection [MySQLi]: No such file or directory
in SYSTEMPATH/Database/BaseConnection.php on line 427.
 1 SYSTEMPATH/Database/BaseConnection.php(573): CodeIgniter\Database\BaseConnection->initialize()
 2 SYSTEMPATH/Database/BaseConnection.php(1408): CodeIgniter\Database\BaseConnection->query('SHOW TABLES FROM `fitavate`')
 3 SYSTEMPATH/Commands/Database/ShowTableInfo.php(103): CodeIgniter\Database\BaseConnection->listTables()
 4 SYSTEMPATH/CLI/Commands.php(65): CodeIgniter\Commands\Database\ShowTableInfo->run([...])
 5 SYSTEMPATH/CLI/Console.php(37): CodeIgniter\CLI\Commands->run('db:table', [...])
 6 ROOTPATH/spark(97): CodeIgniter\CLI\Console->run()
ERROR - 2023-03-06 18:25:05 --> Error connecting to the database: mysqli_sql_exception: No such file or directory in /Applications/AMPPS/www/fitavateMVC/vendor/codeigniter4/framework/system/Database/MySQLi/Connection.php:173
Stack trace:
#0 /Applications/AMPPS/www/fitavateMVC/vendor/codeigniter4/framework/system/Database/MySQLi/Connection.php(173): mysqli->real_connect('localhost', 'root', Object(SensitiveParameterValue), 'fitavate', 3306, '', 0)
#1 /Applications/AMPPS/www/fitavateMVC/vendor/codeigniter4/framework/system/Database/BaseConnection.php(391): CodeIgniter\Database\MySQLi\Connection->connect(false)
#2 /Applications/AMPPS/www/fitavateMVC/vendor/codeigniter4/framework/system/Database/BaseConnection.php(573): CodeIgniter\Database\BaseConnection->initialize()
#3 /Applications/AMPPS/www/fitavateMVC/vendor/codeigniter4/framework/system/Database/BaseConnection.php(1408): CodeIgniter\Database\BaseConnection->query('SHOW TABLES FRO...')
#4 /Applications/AMPPS/www/fitavateMVC/vendor/codeigniter4/framework/system/Commands/Database/ShowTableInfo.php(103): CodeIgniter\Database\BaseConnection->listTables()
#5 /Applications/AMPPS/www/fitavateMVC/vendor/codeigniter4/framework/system/CLI/Commands.php(65): CodeIgniter\Commands\Database\ShowTableInfo->run(Array)
#6 /Applications/AMPPS/www/fitavateMVC/vendor/codeigniter4/framework/system/CLI/Console.php(37): CodeIgniter\CLI\Commands->run('db:table', Array)
#7 /Applications/AMPPS/www/fitavateMVC/spark(97): CodeIgniter\CLI\Console->run()
#8 {main}

Next CodeIgniter\Database\Exceptions\DatabaseException: No such file or directory in /Applications/AMPPS/www/fitavateMVC/vendor/codeigniter4/framework/system/Database/MySQLi/Connection.php:218
Stack trace:
#0 /Applications/AMPPS/www/fitavateMVC/vendor/codeigniter4/framework/system/Database/BaseConnection.php(391): CodeIgniter\Database\MySQLi\Connection->connect(false)
#1 /Applications/AMPPS/www/fitavateMVC/vendor/codeigniter4/framework/system/Database/BaseConnection.php(573): CodeIgniter\Database\BaseConnection->initialize()
#2 /Applications/AMPPS/www/fitavateMVC/vendor/codeigniter4/framework/system/Database/BaseConnection.php(1408): CodeIgniter\Database\BaseConnection->query('SHOW TABLES FRO...')
#3 /Applications/AMPPS/www/fitavateMVC/vendor/codeigniter4/framework/system/Commands/Database/ShowTableInfo.php(103): CodeIgniter\Database\BaseConnection->listTables()
#4 /Applications/AMPPS/www/fitavateMVC/vendor/codeigniter4/framework/system/CLI/Commands.php(65): CodeIgniter\Commands\Database\ShowTableInfo->run(Array)
#5 /Applications/AMPPS/www/fitavateMVC/vendor/codeigniter4/framework/system/CLI/Console.php(37): CodeIgniter\CLI\Commands->run('db:table', Array)
#6 /Applications/AMPPS/www/fitavateMVC/spark(97): CodeIgniter\CLI\Console->run()
#7 {main}
CRITICAL - 2023-03-06 18:25:05 --> Unable to connect to the database.
Main connection [MySQLi]: No such file or directory
in SYSTEMPATH/Database/BaseConnection.php on line 427.
 1 SYSTEMPATH/Database/BaseConnection.php(573): CodeIgniter\Database\BaseConnection->initialize()
 2 SYSTEMPATH/Database/BaseConnection.php(1408): CodeIgniter\Database\BaseConnection->query('SHOW TABLES FROM `fitavate`')
 3 SYSTEMPATH/Commands/Database/ShowTableInfo.php(103): CodeIgniter\Database\BaseConnection->listTables()
 4 SYSTEMPATH/CLI/Commands.php(65): CodeIgniter\Commands\Database\ShowTableInfo->run([...])
 5 SYSTEMPATH/CLI/Console.php(37): CodeIgniter\CLI\Commands->run('db:table', [...])
 6 ROOTPATH/spark(97): CodeIgniter\CLI\Console->run()
CRITICAL - 2023-03-06 18:25:27 --> You have not selected a database type to connect to.
in SYSTEMPATH/Database/Database.php on line 53.
 1 SYSTEMPATH/Database/Config.php(82): CodeIgniter\Database\Database->load([...], 'default')
 2 SYSTEMPATH/Commands/Database/ShowTableInfo.php(100): CodeIgniter\Database\Config::connect()
 3 SYSTEMPATH/CLI/Commands.php(65): CodeIgniter\Commands\Database\ShowTableInfo->run([...])
 4 SYSTEMPATH/CLI/Console.php(37): CodeIgniter\CLI\Commands->run('db:table', [...])
 5 ROOTPATH/spark(97): CodeIgniter\CLI\Console->run()
CRITICAL - 2023-03-06 18:26:25 --> Class "CodeIgniter\Database\InnoDB\Connection" not found
in SYSTEMPATH/Database/Database.php on line 139.
 1 SYSTEMPATH/Database/Database.php(56): CodeIgniter\Database\Database->initDriver('InnoDB', 'CodeIgniter\\Database\\InnoDB\\Connection', [...])
 2 SYSTEMPATH/Database/Config.php(82): CodeIgniter\Database\Database->load([...], 'default')
 3 SYSTEMPATH/Commands/Database/ShowTableInfo.php(100): CodeIgniter\Database\Config::connect()
 4 SYSTEMPATH/CLI/Commands.php(65): CodeIgniter\Commands\Database\ShowTableInfo->run([...])
 5 SYSTEMPATH/CLI/Console.php(37): CodeIgniter\CLI\Commands->run('db:table', [...])
 6 ROOTPATH/spark(97): CodeIgniter\CLI\Console->run()
CRITICAL - 2023-03-06 18:49:13 --> Class "CodeIgniter\Database\InnoDB\Connection" not found
in SYSTEMPATH/Database/Database.php on line 139.
 1 SYSTEMPATH/Database/Database.php(56): CodeIgniter\Database\Database->initDriver('InnoDB', 'CodeIgniter\\Database\\InnoDB\\Connection', [...])
 2 SYSTEMPATH/Database/Config.php(82): CodeIgniter\Database\Database->load([...], 'default')
 3 SYSTEMPATH/Commands/Database/ShowTableInfo.php(100): CodeIgniter\Database\Config::connect()
 4 SYSTEMPATH/CLI/Commands.php(65): CodeIgniter\Commands\Database\ShowTableInfo->run([...])
 5 SYSTEMPATH/CLI/Console.php(37): CodeIgniter\CLI\Commands->run('db:table', [...])
 6 ROOTPATH/spark(97): CodeIgniter\CLI\Console->run()
ERROR - 2023-03-06 18:49:49 --> Error connecting to the database: mysqli_sql_exception: No such file or directory in /Applications/AMPPS/www/fitavateMVC/vendor/codeigniter4/framework/system/Database/mysqli/Connection.php:173
Stack trace:
#0 /Applications/AMPPS/www/fitavateMVC/vendor/codeigniter4/framework/system/Database/mysqli/Connection.php(173): mysqli->real_connect('localhost', 'root', Object(SensitiveParameterValue), 'fitavate', 3306, '', 0)
#1 /Applications/AMPPS/www/fitavateMVC/vendor/codeigniter4/framework/system/Database/BaseConnection.php(391): CodeIgniter\Database\MySQLi\Connection->connect(false)
#2 /Applications/AMPPS/www/fitavateMVC/vendor/codeigniter4/framework/system/Database/BaseConnection.php(573): CodeIgniter\Database\BaseConnection->initialize()
#3 /Applications/AMPPS/www/fitavateMVC/vendor/codeigniter4/framework/system/Database/BaseConnection.php(1408): CodeIgniter\Database\BaseConnection->query('SHOW TABLES FRO...')
#4 /Applications/AMPPS/www/fitavateMVC/vendor/codeigniter4/framework/system/Commands/Database/ShowTableInfo.php(103): CodeIgniter\Database\BaseConnection->listTables()
#5 /Applications/AMPPS/www/fitavateMVC/vendor/codeigniter4/framework/system/CLI/Commands.php(65): CodeIgniter\Commands\Database\ShowTableInfo->run(Array)
#6 /Applications/AMPPS/www/fitavateMVC/vendor/codeigniter4/framework/system/CLI/Console.php(37): CodeIgniter\CLI\Commands->run('db:table', Array)
#7 /Applications/AMPPS/www/fitavateMVC/spark(97): CodeIgniter\CLI\Console->run()
#8 {main}

Next CodeIgniter\Database\Exceptions\DatabaseException: No such file or directory in /Applications/AMPPS/www/fitavateMVC/vendor/codeigniter4/framework/system/Database/mysqli/Connection.php:218
Stack trace:
#0 /Applications/AMPPS/www/fitavateMVC/vendor/codeigniter4/framework/system/Database/BaseConnection.php(391): CodeIgniter\Database\MySQLi\Connection->connect(false)
#1 /Applications/AMPPS/www/fitavateMVC/vendor/codeigniter4/framework/system/Database/BaseConnection.php(573): CodeIgniter\Database\BaseConnection->initialize()
#2 /Applications/AMPPS/www/fitavateMVC/vendor/codeigniter4/framework/system/Database/BaseConnection.php(1408): CodeIgniter\Database\BaseConnection->query('SHOW TABLES FRO...')
#3 /Applications/AMPPS/www/fitavateMVC/vendor/codeigniter4/framework/system/Commands/Database/ShowTableInfo.php(103): CodeIgniter\Database\BaseConnection->listTables()
#4 /Applications/AMPPS/www/fitavateMVC/vendor/codeigniter4/framework/system/CLI/Commands.php(65): CodeIgniter\Commands\Database\ShowTableInfo->run(Array)
#5 /Applications/AMPPS/www/fitavateMVC/vendor/codeigniter4/framework/system/CLI/Console.php(37): CodeIgniter\CLI\Commands->run('db:table', Array)
#6 /Applications/AMPPS/www/fitavateMVC/spark(97): CodeIgniter\CLI\Console->run()
#7 {main}
CRITICAL - 2023-03-06 18:49:49 --> Unable to connect to the database.
Main connection [mysqli]: No such file or directory
in SYSTEMPATH/Database/BaseConnection.php on line 427.
 1 SYSTEMPATH/Database/BaseConnection.php(573): CodeIgniter\Database\BaseConnection->initialize()
 2 SYSTEMPATH/Database/BaseConnection.php(1408): CodeIgniter\Database\BaseConnection->query('SHOW TABLES FROM `fitavate`')
 3 SYSTEMPATH/Commands/Database/ShowTableInfo.php(103): CodeIgniter\Database\BaseConnection->listTables()
 4 SYSTEMPATH/CLI/Commands.php(65): CodeIgniter\Commands\Database\ShowTableInfo->run([...])
 5 SYSTEMPATH/CLI/Console.php(37): CodeIgniter\CLI\Commands->run('db:table', [...])
 6 ROOTPATH/spark(97): CodeIgniter\CLI\Console->run()
ERROR - 2023-03-06 18:51:51 --> Error connecting to the database: mysqli_sql_exception: No such file or directory in /Applications/AMPPS/www/fitavateMVC/vendor/codeigniter4/framework/system/Database/MySQLi/Connection.php:173
Stack trace:
#0 /Applications/AMPPS/www/fitavateMVC/vendor/codeigniter4/framework/system/Database/MySQLi/Connection.php(173): mysqli->real_connect('localhost', 'root', Object(SensitiveParameterValue), 'fitavate', 3306, '', 0)
#1 /Applications/AMPPS/www/fitavateMVC/vendor/codeigniter4/framework/system/Database/BaseConnection.php(391): CodeIgniter\Database\MySQLi\Connection->connect(false)
#2 /Applications/AMPPS/www/fitavateMVC/vendor/codeigniter4/framework/system/Database/BaseConnection.php(573): CodeIgniter\Database\BaseConnection->initialize()
#3 /Applications/AMPPS/www/fitavateMVC/vendor/codeigniter4/framework/system/Database/BaseConnection.php(1408): CodeIgniter\Database\BaseConnection->query('SHOW TABLES FRO...')
#4 /Applications/AMPPS/www/fitavateMVC/vendor/codeigniter4/framework/system/Commands/Database/ShowTableInfo.php(103): CodeIgniter\Database\BaseConnection->listTables()
#5 /Applications/AMPPS/www/fitavateMVC/vendor/codeigniter4/framework/system/CLI/Commands.php(65): CodeIgniter\Commands\Database\ShowTableInfo->run(Array)
#6 /Applications/AMPPS/www/fitavateMVC/vendor/codeigniter4/framework/system/CLI/Console.php(37): CodeIgniter\CLI\Commands->run('db:table', Array)
#7 /Applications/AMPPS/www/fitavateMVC/spark(97): CodeIgniter\CLI\Console->run()
#8 {main}

Next CodeIgniter\Database\Exceptions\DatabaseException: No such file or directory in /Applications/AMPPS/www/fitavateMVC/vendor/codeigniter4/framework/system/Database/MySQLi/Connection.php:218
Stack trace:
#0 /Applications/AMPPS/www/fitavateMVC/vendor/codeigniter4/framework/system/Database/BaseConnection.php(391): CodeIgniter\Database\MySQLi\Connection->connect(false)
#1 /Applications/AMPPS/www/fitavateMVC/vendor/codeigniter4/framework/system/Database/BaseConnection.php(573): CodeIgniter\Database\BaseConnection->initialize()
#2 /Applications/AMPPS/www/fitavateMVC/vendor/codeigniter4/framework/system/Database/BaseConnection.php(1408): CodeIgniter\Database\BaseConnection->query('SHOW TABLES FRO...')
#3 /Applications/AMPPS/www/fitavateMVC/vendor/codeigniter4/framework/system/Commands/Database/ShowTableInfo.php(103): CodeIgniter\Database\BaseConnection->listTables()
#4 /Applications/AMPPS/www/fitavateMVC/vendor/codeigniter4/framework/system/CLI/Commands.php(65): CodeIgniter\Commands\Database\ShowTableInfo->run(Array)
#5 /Applications/AMPPS/www/fitavateMVC/vendor/codeigniter4/framework/system/CLI/Console.php(37): CodeIgniter\CLI\Commands->run('db:table', Array)
#6 /Applications/AMPPS/www/fitavateMVC/spark(97): CodeIgniter\CLI\Console->run()
#7 {main}
CRITICAL - 2023-03-06 18:51:51 --> Unable to connect to the database.
Main connection [MySQLi]: No such file or directory
in SYSTEMPATH/Database/BaseConnection.php on line 427.
 1 SYSTEMPATH/Database/BaseConnection.php(573): CodeIgniter\Database\BaseConnection->initialize()
 2 SYSTEMPATH/Database/BaseConnection.php(1408): CodeIgniter\Database\BaseConnection->query('SHOW TABLES FROM `fitavate`')
 3 SYSTEMPATH/Commands/Database/ShowTableInfo.php(103): CodeIgniter\Database\BaseConnection->listTables()
 4 SYSTEMPATH/CLI/Commands.php(65): CodeIgniter\Commands\Database\ShowTableInfo->run([...])
 5 SYSTEMPATH/CLI/Console.php(37): CodeIgniter\CLI\Commands->run('db:table', [...])
 6 ROOTPATH/spark(97): CodeIgniter\CLI\Console->run()
ERROR - 2023-03-06 19:03:02 --> Error connecting to the database: mysqli_sql_exception: No such file or directory in /Applications/AMPPS/www/fitavateMVC/vendor/codeigniter4/framework/system/Database/MySQLi/Connection.php:173
Stack trace:
#0 /Applications/AMPPS/www/fitavateMVC/vendor/codeigniter4/framework/system/Database/MySQLi/Connection.php(173): mysqli->real_connect('localhost', 'root', Object(SensitiveParameterValue), 'fitavate', 3306, '', 0)
#1 /Applications/AMPPS/www/fitavateMVC/vendor/codeigniter4/framework/system/Database/BaseConnection.php(391): CodeIgniter\Database\MySQLi\Connection->connect(false)
#2 /Applications/AMPPS/www/fitavateMVC/vendor/codeigniter4/framework/system/Database/BaseConnection.php(573): CodeIgniter\Database\BaseConnection->initialize()
#3 /Applications/AMPPS/www/fitavateMVC/vendor/codeigniter4/framework/system/Database/BaseConnection.php(1408): CodeIgniter\Database\BaseConnection->query('SHOW TABLES FRO...')
#4 /Applications/AMPPS/www/fitavateMVC/vendor/codeigniter4/framework/system/Commands/Database/ShowTableInfo.php(103): CodeIgniter\Database\BaseConnection->listTables()
#5 /Applications/AMPPS/www/fitavateMVC/vendor/codeigniter4/framework/system/CLI/Commands.php(65): CodeIgniter\Commands\Database\ShowTableInfo->run(Array)
#6 /Applications/AMPPS/www/fitavateMVC/vendor/codeigniter4/framework/system/CLI/Console.php(37): CodeIgniter\CLI\Commands->run('db:table', Array)
#7 /Applications/AMPPS/www/fitavateMVC/spark(97): CodeIgniter\CLI\Console->run()
#8 {main}

Next CodeIgniter\Database\Exceptions\DatabaseException: No such file or directory in /Applications/AMPPS/www/fitavateMVC/vendor/codeigniter4/framework/system/Database/MySQLi/Connection.php:218
Stack trace:
#0 /Applications/AMPPS/www/fitavateMVC/vendor/codeigniter4/framework/system/Database/BaseConnection.php(391): CodeIgniter\Database\MySQLi\Connection->connect(false)
#1 /Applications/AMPPS/www/fitavateMVC/vendor/codeigniter4/framework/system/Database/BaseConnection.php(573): CodeIgniter\Database\BaseConnection->initialize()
#2 /Applications/AMPPS/www/fitavateMVC/vendor/codeigniter4/framework/system/Database/BaseConnection.php(1408): CodeIgniter\Database\BaseConnection->query('SHOW TABLES FRO...')
#3 /Applications/AMPPS/www/fitavateMVC/vendor/codeigniter4/framework/system/Commands/Database/ShowTableInfo.php(103): CodeIgniter\Database\BaseConnection->listTables()
#4 /Applications/AMPPS/www/fitavateMVC/vendor/codeigniter4/framework/system/CLI/Commands.php(65): CodeIgniter\Commands\Database\ShowTableInfo->run(Array)
#5 /Applications/AMPPS/www/fitavateMVC/vendor/codeigniter4/framework/system/CLI/Console.php(37): CodeIgniter\CLI\Commands->run('db:table', Array)
#6 /Applications/AMPPS/www/fitavateMVC/spark(97): CodeIgniter\CLI\Console->run()
#7 {main}
CRITICAL - 2023-03-06 19:03:02 --> Unable to connect to the database.
Main connection [MySQLi]: No such file or directory
in SYSTEMPATH/Database/BaseConnection.php on line 427.
 1 SYSTEMPATH/Database/BaseConnection.php(573): CodeIgniter\Database\BaseConnection->initialize()
 2 SYSTEMPATH/Database/BaseConnection.php(1408): CodeIgniter\Database\BaseConnection->query('SHOW TABLES FROM `fitavate`')
 3 SYSTEMPATH/Commands/Database/ShowTableInfo.php(103): CodeIgniter\Database\BaseConnection->listTables()
 4 SYSTEMPATH/CLI/Commands.php(65): CodeIgniter\Commands\Database\ShowTableInfo->run([...])
 5 SYSTEMPATH/CLI/Console.php(37): CodeIgniter\CLI\Commands->run('db:table', [...])
 6 ROOTPATH/spark(97): CodeIgniter\CLI\Console->run()
ERROR - 2023-03-06 19:14:34 --> Error connecting to the database: mysqli_sql_exception: No such file or directory in /Applications/AMPPS/www/fitavateMVC/vendor/codeigniter4/framework/system/Database/MySQLi/Connection.php:173
Stack trace:
#0 /Applications/AMPPS/www/fitavateMVC/vendor/codeigniter4/framework/system/Database/MySQLi/Connection.php(173): mysqli->real_connect('localhost', 'root', Object(SensitiveParameterValue), 'fitavate', 3306, '', 0)
#1 /Applications/AMPPS/www/fitavateMVC/vendor/codeigniter4/framework/system/Database/BaseConnection.php(391): CodeIgniter\Database\MySQLi\Connection->connect(false)
#2 /Applications/AMPPS/www/fitavateMVC/vendor/codeigniter4/framework/system/Database/BaseConnection.php(573): CodeIgniter\Database\BaseConnection->initialize()
#3 /Applications/AMPPS/www/fitavateMVC/vendor/codeigniter4/framework/system/Database/BaseConnection.php(1408): CodeIgniter\Database\BaseConnection->query('SHOW TABLES FRO...')
#4 /Applications/AMPPS/www/fitavateMVC/vendor/codeigniter4/framework/system/Commands/Database/ShowTableInfo.php(103): CodeIgniter\Database\BaseConnection->listTables()
#5 /Applications/AMPPS/www/fitavateMVC/vendor/codeigniter4/framework/system/CLI/Commands.php(65): CodeIgniter\Commands\Database\ShowTableInfo->run(Array)
#6 /Applications/AMPPS/www/fitavateMVC/vendor/codeigniter4/framework/system/CLI/Console.php(37): CodeIgniter\CLI\Commands->run('db:table', Array)
#7 /Applications/AMPPS/www/fitavateMVC/spark(97): CodeIgniter\CLI\Console->run()
#8 {main}

Next CodeIgniter\Database\Exceptions\DatabaseException: No such file or directory in /Applications/AMPPS/www/fitavateMVC/vendor/codeigniter4/framework/system/Database/MySQLi/Connection.php:218
Stack trace:
#0 /Applications/AMPPS/www/fitavateMVC/vendor/codeigniter4/framework/system/Database/BaseConnection.php(391): CodeIgniter\Database\MySQLi\Connection->connect(false)
#1 /Applications/AMPPS/www/fitavateMVC/vendor/codeigniter4/framework/system/Database/BaseConnection.php(573): CodeIgniter\Database\BaseConnection->initialize()
#2 /Applications/AMPPS/www/fitavateMVC/vendor/codeigniter4/framework/system/Database/BaseConnection.php(1408): CodeIgniter\Database\BaseConnection->query('SHOW TABLES FRO...')
#3 /Applications/AMPPS/www/fitavateMVC/vendor/codeigniter4/framework/system/Commands/Database/ShowTableInfo.php(103): CodeIgniter\Database\BaseConnection->listTables()
#4 /Applications/AMPPS/www/fitavateMVC/vendor/codeigniter4/framework/system/CLI/Commands.php(65): CodeIgniter\Commands\Database\ShowTableInfo->run(Array)
#5 /Applications/AMPPS/www/fitavateMVC/vendor/codeigniter4/framework/system/CLI/Console.php(37): CodeIgniter\CLI\Commands->run('db:table', Array)
#6 /Applications/AMPPS/www/fitavateMVC/spark(97): CodeIgniter\CLI\Console->run()
#7 {main}
CRITICAL - 2023-03-06 19:14:34 --> Unable to connect to the database.
Main connection [MySQLi]: No such file or directory
in SYSTEMPATH/Database/BaseConnection.php on line 427.
 1 SYSTEMPATH/Database/BaseConnection.php(573): CodeIgniter\Database\BaseConnection->initialize()
 2 SYSTEMPATH/Database/BaseConnection.php(1408): CodeIgniter\Database\BaseConnection->query('SHOW TABLES FROM `fitavate`')
 3 SYSTEMPATH/Commands/Database/ShowTableInfo.php(103): CodeIgniter\Database\BaseConnection->listTables()
 4 SYSTEMPATH/CLI/Commands.php(65): CodeIgniter\Commands\Database\ShowTableInfo->run([...])
 5 SYSTEMPATH/CLI/Console.php(37): CodeIgniter\CLI\Commands->run('db:table', [...])
 6 ROOTPATH/spark(97): CodeIgniter\CLI\Console->run()
ERROR - 2023-03-06 19:42:37 --> Error connecting to the database: mysqli_sql_exception: No such file or directory in /Applications/AMPPS/www/fitavateMVC/vendor/codeigniter4/framework/system/Database/MySQLi/Connection.php:173
Stack trace:
#0 /Applications/AMPPS/www/fitavateMVC/vendor/codeigniter4/framework/system/Database/MySQLi/Connection.php(173): mysqli->real_connect('localhost', 'root', Object(SensitiveParameterValue), 'fitavate', 3306, '', 0)
#1 /Applications/AMPPS/www/fitavateMVC/vendor/codeigniter4/framework/system/Database/BaseConnection.php(391): CodeIgniter\Database\MySQLi\Connection->connect(false)
#2 /Applications/AMPPS/www/fitavateMVC/vendor/codeigniter4/framework/system/Database/BaseConnection.php(573): CodeIgniter\Database\BaseConnection->initialize()
#3 /Applications/AMPPS/www/fitavateMVC/vendor/codeigniter4/framework/system/Database/BaseConnection.php(1408): CodeIgniter\Database\BaseConnection->query('SHOW TABLES FRO...')
#4 /Applications/AMPPS/www/fitavateMVC/vendor/codeigniter4/framework/system/Commands/Database/ShowTableInfo.php(103): CodeIgniter\Database\BaseConnection->listTables()
#5 /Applications/AMPPS/www/fitavateMVC/vendor/codeigniter4/framework/system/CLI/Commands.php(65): CodeIgniter\Commands\Database\ShowTableInfo->run(Array)
#6 /Applications/AMPPS/www/fitavateMVC/vendor/codeigniter4/framework/system/CLI/Console.php(37): CodeIgniter\CLI\Commands->run('db:table', Array)
#7 /Applications/AMPPS/www/fitavateMVC/spark(97): CodeIgniter\CLI\Console->run()
#8 {main}

Next CodeIgniter\Database\Exceptions\DatabaseException: No such file or directory in /Applications/AMPPS/www/fitavateMVC/vendor/codeigniter4/framework/system/Database/MySQLi/Connection.php:218
Stack trace:
#0 /Applications/AMPPS/www/fitavateMVC/vendor/codeigniter4/framework/system/Database/BaseConnection.php(391): CodeIgniter\Database\MySQLi\Connection->connect(false)
#1 /Applications/AMPPS/www/fitavateMVC/vendor/codeigniter4/framework/system/Database/BaseConnection.php(573): CodeIgniter\Database\BaseConnection->initialize()
#2 /Applications/AMPPS/www/fitavateMVC/vendor/codeigniter4/framework/system/Database/BaseConnection.php(1408): CodeIgniter\Database\BaseConnection->query('SHOW TABLES FRO...')
#3 /Applications/AMPPS/www/fitavateMVC/vendor/codeigniter4/framework/system/Commands/Database/ShowTableInfo.php(103): CodeIgniter\Database\BaseConnection->listTables()
#4 /Applications/AMPPS/www/fitavateMVC/vendor/codeigniter4/framework/system/CLI/Commands.php(65): CodeIgniter\Commands\Database\ShowTableInfo->run(Array)
#5 /Applications/AMPPS/www/fitavateMVC/vendor/codeigniter4/framework/system/CLI/Console.php(37): CodeIgniter\CLI\Commands->run('db:table', Array)
#6 /Applications/AMPPS/www/fitavateMVC/spark(97): CodeIgniter\CLI\Console->run()
#7 {main}
CRITICAL - 2023-03-06 19:42:37 --> Unable to connect to the database.
Main connection [MySQLi]: No such file or directory
in SYSTEMPATH/Database/BaseConnection.php on line 427.
 1 SYSTEMPATH/Database/BaseConnection.php(573): CodeIgniter\Database\BaseConnection->initialize()
 2 SYSTEMPATH/Database/BaseConnection.php(1408): CodeIgniter\Database\BaseConnection->query('SHOW TABLES FROM `fitavate`')
 3 SYSTEMPATH/Commands/Database/ShowTableInfo.php(103): CodeIgniter\Database\BaseConnection->listTables()
 4 SYSTEMPATH/CLI/Commands.php(65): CodeIgniter\Commands\Database\ShowTableInfo->run([...])
 5 SYSTEMPATH/CLI/Console.php(37): CodeIgniter\CLI\Commands->run('db:table', [...])
 6 ROOTPATH/spark(97): CodeIgniter\CLI\Console->run()
CRITICAL - 2023-03-06 21:55:19 --> Invalid file: "Views\templates\homeTemplate.php"
in SYSTEMPATH/Exceptions/FrameworkException.php on line 33.
 1 SYSTEMPATH/View/View.php(201): CodeIgniter\Exceptions\FrameworkException::forInvalidFile('Views\\templates\\homeTemplate.php')
 2 SYSTEMPATH/View/View.php(229): CodeIgniter\View\View->render('Views\\templates\\homeTemplate', [], true)
 3 SYSTEMPATH/Common.php(1184): CodeIgniter\View\View->render('pages/fitineHome', [], true)
 4 APPPATH/Controllers/PageController.php(23): view('pages/fitineHome')
 5 SYSTEMPATH/CodeIgniter.php(934): App\Controllers\PageController->view('fitineHome')
 6 SYSTEMPATH/CodeIgniter.php(499): CodeIgniter\CodeIgniter->runController(Object(App\Controllers\PageController))
 7 SYSTEMPATH/CodeIgniter.php(368): CodeIgniter\CodeIgniter->handleRequest(null, Object(Config\Cache), false)
 8 FCPATH/index.php(67): CodeIgniter\CodeIgniter->run()
 9 SYSTEMPATH/Commands/Server/rewrite.php(47): require_once('FCPATH/index.php')
CRITICAL - 2023-03-06 21:57:14 --> Invalid file: "homeTemplate.php"
in SYSTEMPATH/Exceptions/FrameworkException.php on line 33.
 1 SYSTEMPATH/View/View.php(201): CodeIgniter\Exceptions\FrameworkException::forInvalidFile('homeTemplate.php')
 2 SYSTEMPATH/View/View.php(229): CodeIgniter\View\View->render('homeTemplate', [], true)
 3 SYSTEMPATH/Common.php(1184): CodeIgniter\View\View->render('pages/fitineHome', [], true)
 4 APPPATH/Controllers/PageController.php(23): view('pages/fitineHome')
 5 SYSTEMPATH/CodeIgniter.php(934): App\Controllers\PageController->view('fitineHome')
 6 SYSTEMPATH/CodeIgniter.php(499): CodeIgniter\CodeIgniter->runController(Object(App\Controllers\PageController))
 7 SYSTEMPATH/CodeIgniter.php(368): CodeIgniter\CodeIgniter->handleRequest(null, Object(Config\Cache), false)
 8 FCPATH/index.php(67): CodeIgniter\CodeIgniter->run()
 9 SYSTEMPATH/Commands/Server/rewrite.php(47): require_once('FCPATH/index.php')
CRITICAL - 2023-03-06 21:57:34 --> Invalid file: "homeTemplate.php"
in SYSTEMPATH/Exceptions/FrameworkException.php on line 33.
 1 SYSTEMPATH/View/View.php(201): CodeIgniter\Exceptions\FrameworkException::forInvalidFile('homeTemplate.php')
 2 SYSTEMPATH/View/View.php(229): CodeIgniter\View\View->render('homeTemplate', [], true)
 3 SYSTEMPATH/Common.php(1184): CodeIgniter\View\View->render('pages/fitineHome', [], true)
 4 APPPATH/Controllers/PageController.php(23): view('pages/fitineHome')
 5 SYSTEMPATH/CodeIgniter.php(934): App\Controllers\PageController->view('fitineHome')
 6 SYSTEMPATH/CodeIgniter.php(499): CodeIgniter\CodeIgniter->runController(Object(App\Controllers\PageController))
 7 SYSTEMPATH/CodeIgniter.php(368): CodeIgniter\CodeIgniter->handleRequest(null, Object(Config\Cache), false)
 8 FCPATH/index.php(67): CodeIgniter\CodeIgniter->run()
 9 SYSTEMPATH/Commands/Server/rewrite.php(47): require_once('FCPATH/index.php')
CRITICAL - 2023-03-06 22:02:32 --> Invalid file: "homeTemplate.php"
in SYSTEMPATH/Exceptions/FrameworkException.php on line 33.
 1 SYSTEMPATH/View/View.php(201): CodeIgniter\Exceptions\FrameworkException::forInvalidFile('homeTemplate.php')
 2 SYSTEMPATH/View/View.php(229): CodeIgniter\View\View->render('homeTemplate', [], true)
 3 SYSTEMPATH/Common.php(1184): CodeIgniter\View\View->render('pages/fitineHome', [], true)
 4 APPPATH/Controllers/PageController.php(23): view('pages/fitineHome')
 5 SYSTEMPATH/CodeIgniter.php(934): App\Controllers\PageController->view('fitineHome')
 6 SYSTEMPATH/CodeIgniter.php(499): CodeIgniter\CodeIgniter->runController(Object(App\Controllers\PageController))
 7 SYSTEMPATH/CodeIgniter.php(368): CodeIgniter\CodeIgniter->handleRequest(null, Object(Config\Cache), false)
 8 FCPATH/index.php(67): CodeIgniter\CodeIgniter->run()
 9 SYSTEMPATH/Commands/Server/rewrite.php(47): require_once('FCPATH/index.php')
CRITICAL - 2023-03-06 22:04:31 --> Invalid file: "homeTemplate.php"
in SYSTEMPATH/Exceptions/FrameworkException.php on line 33.
 1 SYSTEMPATH/View/View.php(201): CodeIgniter\Exceptions\FrameworkException::forInvalidFile('homeTemplate.php')
 2 SYSTEMPATH/View/View.php(229): CodeIgniter\View\View->render('homeTemplate', [], true)
 3 SYSTEMPATH/Common.php(1184): CodeIgniter\View\View->render('pages/fitineHome', [], true)
 4 APPPATH/Controllers/PageController.php(23): view('pages/fitineHome')
 5 SYSTEMPATH/CodeIgniter.php(934): App\Controllers\PageController->view('fitineHome')
 6 SYSTEMPATH/CodeIgniter.php(499): CodeIgniter\CodeIgniter->runController(Object(App\Controllers\PageController))
 7 SYSTEMPATH/CodeIgniter.php(368): CodeIgniter\CodeIgniter->handleRequest(null, Object(Config\Cache), false)
 8 FCPATH/index.php(67): CodeIgniter\CodeIgniter->run()
 9 SYSTEMPATH/Commands/Server/rewrite.php(47): require_once('FCPATH/index.php')
CRITICAL - 2023-03-06 22:04:32 --> Invalid file: "homeTemplate.php"
in SYSTEMPATH/Exceptions/FrameworkException.php on line 33.
 1 SYSTEMPATH/View/View.php(201): CodeIgniter\Exceptions\FrameworkException::forInvalidFile('homeTemplate.php')
 2 SYSTEMPATH/View/View.php(229): CodeIgniter\View\View->render('homeTemplate', [], true)
 3 SYSTEMPATH/Common.php(1184): CodeIgniter\View\View->render('pages/fitineHome', [], true)
 4 APPPATH/Controllers/PageController.php(23): view('pages/fitineHome')
 5 SYSTEMPATH/CodeIgniter.php(934): App\Controllers\PageController->view('fitineHome')
 6 SYSTEMPATH/CodeIgniter.php(499): CodeIgniter\CodeIgniter->runController(Object(App\Controllers\PageController))
 7 SYSTEMPATH/CodeIgniter.php(368): CodeIgniter\CodeIgniter->handleRequest(null, Object(Config\Cache), false)
 8 FCPATH/index.php(67): CodeIgniter\CodeIgniter->run()
 9 SYSTEMPATH/Commands/Server/rewrite.php(47): require_once('FCPATH/index.php')
CRITICAL - 2023-03-06 22:05:36 --> Invalid file: "homeTemplate.php"
in SYSTEMPATH/Exceptions/FrameworkException.php on line 33.
 1 SYSTEMPATH/View/View.php(201): CodeIgniter\Exceptions\FrameworkException::forInvalidFile('homeTemplate.php')
 2 SYSTEMPATH/View/View.php(229): CodeIgniter\View\View->render('homeTemplate', [], true)
 3 SYSTEMPATH/Common.php(1184): CodeIgniter\View\View->render('pages/fitineHome', [], true)
 4 APPPATH/Controllers/PageController.php(23): view('pages/fitineHome')
 5 SYSTEMPATH/CodeIgniter.php(934): App\Controllers\PageController->view('fitineHome')
 6 SYSTEMPATH/CodeIgniter.php(499): CodeIgniter\CodeIgniter->runController(Object(App\Controllers\PageController))
 7 SYSTEMPATH/CodeIgniter.php(368): CodeIgniter\CodeIgniter->handleRequest(null, Object(Config\Cache), false)
 8 FCPATH/index.php(67): CodeIgniter\CodeIgniter->run()
 9 SYSTEMPATH/Commands/Server/rewrite.php(47): require_once('FCPATH/index.php')
CRITICAL - 2023-03-06 22:06:09 --> Invalid file: "homeTemplate.php"
in SYSTEMPATH/Exceptions/FrameworkException.php on line 33.
 1 SYSTEMPATH/View/View.php(201): CodeIgniter\Exceptions\FrameworkException::forInvalidFile('homeTemplate.php')
 2 SYSTEMPATH/View/View.php(229): CodeIgniter\View\View->render('homeTemplate', [], true)
 3 SYSTEMPATH/Common.php(1184): CodeIgniter\View\View->render('pages/fitineHome', [], true)
 4 APPPATH/Controllers/PageController.php(23): view('pages/fitineHome')
 5 SYSTEMPATH/CodeIgniter.php(934): App\Controllers\PageController->view('fitineHome')
 6 SYSTEMPATH/CodeIgniter.php(499): CodeIgniter\CodeIgniter->runController(Object(App\Controllers\PageController))
 7 SYSTEMPATH/CodeIgniter.php(368): CodeIgniter\CodeIgniter->handleRequest(null, Object(Config\Cache), false)
 8 FCPATH/index.php(67): CodeIgniter\CodeIgniter->run()
 9 SYSTEMPATH/Commands/Server/rewrite.php(47): require_once('FCPATH/index.php')
CRITICAL - 2023-03-06 22:06:10 --> Invalid file: "homeTemplate.php"
in SYSTEMPATH/Exceptions/FrameworkException.php on line 33.
 1 SYSTEMPATH/View/View.php(201): CodeIgniter\Exceptions\FrameworkException::forInvalidFile('homeTemplate.php')
 2 SYSTEMPATH/View/View.php(229): CodeIgniter\View\View->render('homeTemplate', [], true)
 3 SYSTEMPATH/Common.php(1184): CodeIgniter\View\View->render('pages/fitineHome', [], true)
 4 APPPATH/Controllers/PageController.php(23): view('pages/fitineHome')
 5 SYSTEMPATH/CodeIgniter.php(934): App\Controllers\PageController->view('fitineHome')
 6 SYSTEMPATH/CodeIgniter.php(499): CodeIgniter\CodeIgniter->runController(Object(App\Controllers\PageController))
 7 SYSTEMPATH/CodeIgniter.php(368): CodeIgniter\CodeIgniter->handleRequest(null, Object(Config\Cache), false)
 8 FCPATH/index.php(67): CodeIgniter\CodeIgniter->run()
 9 SYSTEMPATH/Commands/Server/rewrite.php(47): require_once('FCPATH/index.php')
CRITICAL - 2023-03-06 22:06:47 --> Invalid file: "homeTemplate.php"
in SYSTEMPATH/Exceptions/FrameworkException.php on line 33.
 1 SYSTEMPATH/View/View.php(201): CodeIgniter\Exceptions\FrameworkException::forInvalidFile('homeTemplate.php')
 2 SYSTEMPATH/View/View.php(229): CodeIgniter\View\View->render('homeTemplate', [], true)
 3 SYSTEMPATH/Common.php(1184): CodeIgniter\View\View->render('pages/fitineHome', [], true)
 4 APPPATH/Controllers/PageController.php(23): view('pages/fitineHome')
 5 SYSTEMPATH/CodeIgniter.php(934): App\Controllers\PageController->view('fitineHome')
 6 SYSTEMPATH/CodeIgniter.php(499): CodeIgniter\CodeIgniter->runController(Object(App\Controllers\PageController))
 7 SYSTEMPATH/CodeIgniter.php(368): CodeIgniter\CodeIgniter->handleRequest(null, Object(Config\Cache), false)
 8 FCPATH/index.php(67): CodeIgniter\CodeIgniter->run()
 9 SYSTEMPATH/Commands/Server/rewrite.php(47): require_once('FCPATH/index.php')
CRITICAL - 2023-03-06 22:08:31 --> Invalid file: "homeTemplate.php"
in SYSTEMPATH/Exceptions/FrameworkException.php on line 33.
 1 SYSTEMPATH/View/View.php(201): CodeIgniter\Exceptions\FrameworkException::forInvalidFile('homeTemplate.php')
 2 SYSTEMPATH/View/View.php(229): CodeIgniter\View\View->render('homeTemplate', [], true)
 3 SYSTEMPATH/Common.php(1184): CodeIgniter\View\View->render('pages/home', [], true)
 4 APPPATH/Controllers/PageController.php(23): view('pages/home')
 5 SYSTEMPATH/CodeIgniter.php(934): App\Controllers\PageController->view('home')
 6 SYSTEMPATH/CodeIgniter.php(499): CodeIgniter\CodeIgniter->runController(Object(App\Controllers\PageController))
 7 SYSTEMPATH/CodeIgniter.php(368): CodeIgniter\CodeIgniter->handleRequest(null, Object(Config\Cache), false)
 8 FCPATH/index.php(67): CodeIgniter\CodeIgniter->run()
 9 SYSTEMPATH/Commands/Server/rewrite.php(47): require_once('FCPATH/index.php')
CRITICAL - 2023-03-06 22:08:32 --> Invalid file: "homeTemplate.php"
in SYSTEMPATH/Exceptions/FrameworkException.php on line 33.
 1 SYSTEMPATH/View/View.php(201): CodeIgniter\Exceptions\FrameworkException::forInvalidFile('homeTemplate.php')
 2 SYSTEMPATH/View/View.php(229): CodeIgniter\View\View->render('homeTemplate', [], true)
 3 SYSTEMPATH/Common.php(1184): CodeIgniter\View\View->render('pages/home', [], true)
 4 APPPATH/Controllers/PageController.php(23): view('pages/home')
 5 SYSTEMPATH/CodeIgniter.php(934): App\Controllers\PageController->view('home')
 6 SYSTEMPATH/CodeIgniter.php(499): CodeIgniter\CodeIgniter->runController(Object(App\Controllers\PageController))
 7 SYSTEMPATH/CodeIgniter.php(368): CodeIgniter\CodeIgniter->handleRequest(null, Object(Config\Cache), false)
 8 FCPATH/index.php(67): CodeIgniter\CodeIgniter->run()
 9 SYSTEMPATH/Commands/Server/rewrite.php(47): require_once('FCPATH/index.php')
CRITICAL - 2023-03-06 22:08:49 --> Invalid file: "templates/homeTemplate.php"
in SYSTEMPATH/Exceptions/FrameworkException.php on line 33.
 1 SYSTEMPATH/View/View.php(201): CodeIgniter\Exceptions\FrameworkException::forInvalidFile('templates/homeTemplate.php')
 2 SYSTEMPATH/Common.php(1184): CodeIgniter\View\View->render('templates/homeTemplate', [], true)
 3 APPPATH/Controllers/PageController.php(22): view('templates/homeTemplate', [...])
 4 SYSTEMPATH/CodeIgniter.php(934): App\Controllers\PageController->view('home')
 5 SYSTEMPATH/CodeIgniter.php(499): CodeIgniter\CodeIgniter->runController(Object(App\Controllers\PageController))
 6 SYSTEMPATH/CodeIgniter.php(368): CodeIgniter\CodeIgniter->handleRequest(null, Object(Config\Cache), false)
 7 FCPATH/index.php(67): CodeIgniter\CodeIgniter->run()
 8 SYSTEMPATH/Commands/Server/rewrite.php(47): require_once('FCPATH/index.php')
CRITICAL - 2023-03-06 22:08:50 --> Invalid file: "templates/homeTemplate.php"
in SYSTEMPATH/Exceptions/FrameworkException.php on line 33.
 1 SYSTEMPATH/View/View.php(201): CodeIgniter\Exceptions\FrameworkException::forInvalidFile('templates/homeTemplate.php')
 2 SYSTEMPATH/Common.php(1184): CodeIgniter\View\View->render('templates/homeTemplate', [], true)
 3 APPPATH/Controllers/PageController.php(22): view('templates/homeTemplate', [...])
 4 SYSTEMPATH/CodeIgniter.php(934): App\Controllers\PageController->view('home')
 5 SYSTEMPATH/CodeIgniter.php(499): CodeIgniter\CodeIgniter->runController(Object(App\Controllers\PageController))
 6 SYSTEMPATH/CodeIgniter.php(368): CodeIgniter\CodeIgniter->handleRequest(null, Object(Config\Cache), false)
 7 FCPATH/index.php(67): CodeIgniter\CodeIgniter->run()
 8 SYSTEMPATH/Commands/Server/rewrite.php(47): require_once('FCPATH/index.php')
CRITICAL - 2023-03-06 22:08:54 --> Invalid file: "templates/homeTemplate.php"
in SYSTEMPATH/Exceptions/FrameworkException.php on line 33.
 1 SYSTEMPATH/View/View.php(201): CodeIgniter\Exceptions\FrameworkException::forInvalidFile('templates/homeTemplate.php')
 2 SYSTEMPATH/Common.php(1184): CodeIgniter\View\View->render('templates/homeTemplate', [], true)
 3 APPPATH/Controllers/PageController.php(22): view('templates/homeTemplate', [...])
 4 SYSTEMPATH/CodeIgniter.php(934): App\Controllers\PageController->view('home')
 5 SYSTEMPATH/CodeIgniter.php(499): CodeIgniter\CodeIgniter->runController(Object(App\Controllers\PageController))
 6 SYSTEMPATH/CodeIgniter.php(368): CodeIgniter\CodeIgniter->handleRequest(null, Object(Config\Cache), false)
 7 FCPATH/index.php(67): CodeIgniter\CodeIgniter->run()
 8 SYSTEMPATH/Commands/Server/rewrite.php(47): require_once('FCPATH/index.php')
CRITICAL - 2023-03-06 22:08:57 --> Invalid file: "templates/homeTemplate.php"
in SYSTEMPATH/Exceptions/FrameworkException.php on line 33.
 1 SYSTEMPATH/View/View.php(201): CodeIgniter\Exceptions\FrameworkException::forInvalidFile('templates/homeTemplate.php')
 2 SYSTEMPATH/Common.php(1184): CodeIgniter\View\View->render('templates/homeTemplate', [], true)
 3 APPPATH/Controllers/PageController.php(22): view('templates/homeTemplate', [...])
 4 SYSTEMPATH/CodeIgniter.php(934): App\Controllers\PageController->view('home')
 5 SYSTEMPATH/CodeIgniter.php(499): CodeIgniter\CodeIgniter->runController(Object(App\Controllers\PageController))
 6 SYSTEMPATH/CodeIgniter.php(368): CodeIgniter\CodeIgniter->handleRequest(null, Object(Config\Cache), false)
 7 FCPATH/index.php(67): CodeIgniter\CodeIgniter->run()
 8 SYSTEMPATH/Commands/Server/rewrite.php(47): require_once('FCPATH/index.php')
CRITICAL - 2023-03-06 22:09:17 --> Invalid file: "homeTemplate.php"
in SYSTEMPATH/Exceptions/FrameworkException.php on line 33.
 1 SYSTEMPATH/View/View.php(201): CodeIgniter\Exceptions\FrameworkException::forInvalidFile('homeTemplate.php')
 2 SYSTEMPATH/View/View.php(229): CodeIgniter\View\View->render('homeTemplate', [], true)
 3 SYSTEMPATH/Common.php(1184): CodeIgniter\View\View->render('pages/home', [], true)
 4 APPPATH/Controllers/PageController.php(23): view('pages/home')
 5 SYSTEMPATH/CodeIgniter.php(934): App\Controllers\PageController->view('home')
 6 SYSTEMPATH/CodeIgniter.php(499): CodeIgniter\CodeIgniter->runController(Object(App\Controllers\PageController))
 7 SYSTEMPATH/CodeIgniter.php(368): CodeIgniter\CodeIgniter->handleRequest(null, Object(Config\Cache), false)
 8 FCPATH/index.php(67): CodeIgniter\CodeIgniter->run()
 9 SYSTEMPATH/Commands/Server/rewrite.php(47): require_once('FCPATH/index.php')
CRITICAL - 2023-03-06 22:12:06 --> Invalid file: "homeTemplate.php"
in SYSTEMPATH/Exceptions/FrameworkException.php on line 33.
 1 SYSTEMPATH/View/View.php(201): CodeIgniter\Exceptions\FrameworkException::forInvalidFile('homeTemplate.php')
 2 SYSTEMPATH/View/View.php(229): CodeIgniter\View\View->render('homeTemplate', [], true)
 3 SYSTEMPATH/Common.php(1184): CodeIgniter\View\View->render('pages/home', [], true)
 4 APPPATH/Controllers/PageController.php(23): view('pages/home')
 5 SYSTEMPATH/CodeIgniter.php(934): App\Controllers\PageController->view('home')
 6 SYSTEMPATH/CodeIgniter.php(499): CodeIgniter\CodeIgniter->runController(Object(App\Controllers\PageController))
 7 SYSTEMPATH/CodeIgniter.php(368): CodeIgniter\CodeIgniter->handleRequest(null, Object(Config\Cache), false)
 8 FCPATH/index.php(67): CodeIgniter\CodeIgniter->run()
 9 SYSTEMPATH/Commands/Server/rewrite.php(47): require_once('FCPATH/index.php')
CRITICAL - 2023-03-06 22:31:18 --> Invalid file: "homeTemplate.php"
in SYSTEMPATH/Exceptions/FrameworkException.php on line 33.
 1 SYSTEMPATH/View/View.php(201): CodeIgniter\Exceptions\FrameworkException::forInvalidFile('homeTemplate.php')
 2 SYSTEMPATH/View/View.php(229): CodeIgniter\View\View->render('homeTemplate', [], true)
 3 SYSTEMPATH/Common.php(1184): CodeIgniter\View\View->render('pages/fitineHome', [], true)
 4 APPPATH/Controllers/PageController.php(23): view('pages/fitineHome')
 5 SYSTEMPATH/CodeIgniter.php(934): App\Controllers\PageController->view('fitineHome')
 6 SYSTEMPATH/CodeIgniter.php(499): CodeIgniter\CodeIgniter->runController(Object(App\Controllers\PageController))
 7 SYSTEMPATH/CodeIgniter.php(368): CodeIgniter\CodeIgniter->handleRequest(null, Object(Config\Cache), false)
 8 FCPATH/index.php(67): CodeIgniter\CodeIgniter->run()
 9 SYSTEMPATH/Commands/Server/rewrite.php(47): require_once('FCPATH/index.php')
CRITICAL - 2023-03-06 22:31:30 --> Invalid file: "homeTemplate.php"
in SYSTEMPATH/Exceptions/FrameworkException.php on line 33.
 1 SYSTEMPATH/View/View.php(201): CodeIgniter\Exceptions\FrameworkException::forInvalidFile('homeTemplate.php')
 2 SYSTEMPATH/View/View.php(229): CodeIgniter\View\View->render('homeTemplate', [], true)
 3 SYSTEMPATH/Common.php(1184): CodeIgniter\View\View->render('pages/home', [], true)
 4 APPPATH/Controllers/PageController.php(23): view('pages/home')
 5 SYSTEMPATH/CodeIgniter.php(934): App\Controllers\PageController->view('home')
 6 SYSTEMPATH/CodeIgniter.php(499): CodeIgniter\CodeIgniter->runController(Object(App\Controllers\PageController))
 7 SYSTEMPATH/CodeIgniter.php(368): CodeIgniter\CodeIgniter->handleRequest(null, Object(Config\Cache), false)
 8 FCPATH/index.php(67): CodeIgniter\CodeIgniter->run()
 9 SYSTEMPATH/Commands/Server/rewrite.php(47): require_once('FCPATH/index.php')
CRITICAL - 2023-03-06 22:33:40 --> Invalid file: "templates/homeTemplate.php"
in SYSTEMPATH/Exceptions/FrameworkException.php on line 33.
 1 SYSTEMPATH/View/View.php(201): CodeIgniter\Exceptions\FrameworkException::forInvalidFile('templates/homeTemplate.php')
 2 SYSTEMPATH/Common.php(1184): CodeIgniter\View\View->render('templates/homeTemplate', [], true)
 3 APPPATH/Controllers/PageController.php(22): view('templates/homeTemplate', [...])
 4 SYSTEMPATH/CodeIgniter.php(934): App\Controllers\PageController->view('home')
 5 SYSTEMPATH/CodeIgniter.php(499): CodeIgniter\CodeIgniter->runController(Object(App\Controllers\PageController))
 6 SYSTEMPATH/CodeIgniter.php(368): CodeIgniter\CodeIgniter->handleRequest(null, Object(Config\Cache), false)
 7 FCPATH/index.php(67): CodeIgniter\CodeIgniter->run()
 8 SYSTEMPATH/Commands/Server/rewrite.php(47): require_once('FCPATH/index.php')
CRITICAL - 2023-03-06 22:33:41 --> Invalid file: "templates/homeTemplate.php"
in SYSTEMPATH/Exceptions/FrameworkException.php on line 33.
 1 SYSTEMPATH/View/View.php(201): CodeIgniter\Exceptions\FrameworkException::forInvalidFile('templates/homeTemplate.php')
 2 SYSTEMPATH/Common.php(1184): CodeIgniter\View\View->render('templates/homeTemplate', [], true)
 3 APPPATH/Controllers/PageController.php(22): view('templates/homeTemplate', [...])
 4 SYSTEMPATH/CodeIgniter.php(934): App\Controllers\PageController->view('home')
 5 SYSTEMPATH/CodeIgniter.php(499): CodeIgniter\CodeIgniter->runController(Object(App\Controllers\PageController))
 6 SYSTEMPATH/CodeIgniter.php(368): CodeIgniter\CodeIgniter->handleRequest(null, Object(Config\Cache), false)
 7 FCPATH/index.php(67): CodeIgniter\CodeIgniter->run()
 8 SYSTEMPATH/Commands/Server/rewrite.php(47): require_once('FCPATH/index.php')
CRITICAL - 2023-03-06 22:36:37 --> Invalid file: "templates/homeTemplate.php"
in SYSTEMPATH/Exceptions/FrameworkException.php on line 33.
 1 SYSTEMPATH/View/View.php(201): CodeIgniter\Exceptions\FrameworkException::forInvalidFile('templates/homeTemplate.php')
 2 SYSTEMPATH/Common.php(1184): CodeIgniter\View\View->render('templates/homeTemplate', [], true)
 3 APPPATH/Controllers/PageController.php(22): view('templates/homeTemplate', [...])
 4 SYSTEMPATH/CodeIgniter.php(934): App\Controllers\PageController->view('home')
 5 SYSTEMPATH/CodeIgniter.php(499): CodeIgniter\CodeIgniter->runController(Object(App\Controllers\PageController))
 6 SYSTEMPATH/CodeIgniter.php(368): CodeIgniter\CodeIgniter->handleRequest(null, Object(Config\Cache), false)
 7 FCPATH/index.php(67): CodeIgniter\CodeIgniter->run()
 8 SYSTEMPATH/Commands/Server/rewrite.php(47): require_once('FCPATH/index.php')
CRITICAL - 2023-03-06 22:36:38 --> Invalid file: "templates/homeTemplate.php"
in SYSTEMPATH/Exceptions/FrameworkException.php on line 33.
 1 SYSTEMPATH/View/View.php(201): CodeIgniter\Exceptions\FrameworkException::forInvalidFile('templates/homeTemplate.php')
 2 SYSTEMPATH/Common.php(1184): CodeIgniter\View\View->render('templates/homeTemplate', [], true)
 3 APPPATH/Controllers/PageController.php(22): view('templates/homeTemplate', [...])
 4 SYSTEMPATH/CodeIgniter.php(934): App\Controllers\PageController->view('home')
 5 SYSTEMPATH/CodeIgniter.php(499): CodeIgniter\CodeIgniter->runController(Object(App\Controllers\PageController))
 6 SYSTEMPATH/CodeIgniter.php(368): CodeIgniter\CodeIgniter->handleRequest(null, Object(Config\Cache), false)
 7 FCPATH/index.php(67): CodeIgniter\CodeIgniter->run()
 8 SYSTEMPATH/Commands/Server/rewrite.php(47): require_once('FCPATH/index.php')
CRITICAL - 2023-03-06 22:36:48 --> Invalid file: "homeTemplate.php"
in SYSTEMPATH/Exceptions/FrameworkException.php on line 33.
 1 SYSTEMPATH/View/View.php(201): CodeIgniter\Exceptions\FrameworkException::forInvalidFile('homeTemplate.php')
 2 SYSTEMPATH/View/View.php(229): CodeIgniter\View\View->render('homeTemplate', [], true)
 3 SYSTEMPATH/Common.php(1184): CodeIgniter\View\View->render('pages/home', [], true)
 4 APPPATH/Controllers/PageController.php(23): view('pages/home')
 5 SYSTEMPATH/CodeIgniter.php(934): App\Controllers\PageController->view('home')
 6 SYSTEMPATH/CodeIgniter.php(499): CodeIgniter\CodeIgniter->runController(Object(App\Controllers\PageController))
 7 SYSTEMPATH/CodeIgniter.php(368): CodeIgniter\CodeIgniter->handleRequest(null, Object(Config\Cache), false)
 8 FCPATH/index.php(67): CodeIgniter\CodeIgniter->run()
 9 SYSTEMPATH/Commands/Server/rewrite.php(47): require_once('FCPATH/index.php')
CRITICAL - 2023-03-06 22:36:49 --> Invalid file: "homeTemplate.php"
in SYSTEMPATH/Exceptions/FrameworkException.php on line 33.
 1 SYSTEMPATH/View/View.php(201): CodeIgniter\Exceptions\FrameworkException::forInvalidFile('homeTemplate.php')
 2 SYSTEMPATH/View/View.php(229): CodeIgniter\View\View->render('homeTemplate', [], true)
 3 SYSTEMPATH/Common.php(1184): CodeIgniter\View\View->render('pages/home', [], true)
 4 APPPATH/Controllers/PageController.php(23): view('pages/home')
 5 SYSTEMPATH/CodeIgniter.php(934): App\Controllers\PageController->view('home')
 6 SYSTEMPATH/CodeIgniter.php(499): CodeIgniter\CodeIgniter->runController(Object(App\Controllers\PageController))
 7 SYSTEMPATH/CodeIgniter.php(368): CodeIgniter\CodeIgniter->handleRequest(null, Object(Config\Cache), false)
 8 FCPATH/index.php(67): CodeIgniter\CodeIgniter->run()
 9 SYSTEMPATH/Commands/Server/rewrite.php(47): require_once('FCPATH/index.php')
CRITICAL - 2023-03-06 22:38:54 --> Invalid file: "homeTemplate.php"
in SYSTEMPATH/Exceptions/FrameworkException.php on line 33.
 1 SYSTEMPATH/View/View.php(201): CodeIgniter\Exceptions\FrameworkException::forInvalidFile('homeTemplate.php')
 2 SYSTEMPATH/View/View.php(229): CodeIgniter\View\View->render('homeTemplate', [], true)
 3 SYSTEMPATH/Common.php(1184): CodeIgniter\View\View->render('pages/home', [], true)
 4 APPPATH/Controllers/PageController.php(23): view('pages/home')
 5 SYSTEMPATH/CodeIgniter.php(934): App\Controllers\PageController->view('home')
 6 SYSTEMPATH/CodeIgniter.php(499): CodeIgniter\CodeIgniter->runController(Object(App\Controllers\PageController))
 7 SYSTEMPATH/CodeIgniter.php(368): CodeIgniter\CodeIgniter->handleRequest(null, Object(Config\Cache), false)
 8 FCPATH/index.php(67): CodeIgniter\CodeIgniter->run()
 9 SYSTEMPATH/Commands/Server/rewrite.php(47): require_once('FCPATH/index.php')
CRITICAL - 2023-03-06 22:38:55 --> Invalid file: "homeTemplate.php"
in SYSTEMPATH/Exceptions/FrameworkException.php on line 33.
 1 SYSTEMPATH/View/View.php(201): CodeIgniter\Exceptions\FrameworkException::forInvalidFile('homeTemplate.php')
 2 SYSTEMPATH/View/View.php(229): CodeIgniter\View\View->render('homeTemplate', [], true)
 3 SYSTEMPATH/Common.php(1184): CodeIgniter\View\View->render('pages/home', [], true)
 4 APPPATH/Controllers/PageController.php(23): view('pages/home')
 5 SYSTEMPATH/CodeIgniter.php(934): App\Controllers\PageController->view('home')
 6 SYSTEMPATH/CodeIgniter.php(499): CodeIgniter\CodeIgniter->runController(Object(App\Controllers\PageController))
 7 SYSTEMPATH/CodeIgniter.php(368): CodeIgniter\CodeIgniter->handleRequest(null, Object(Config\Cache), false)
 8 FCPATH/index.php(67): CodeIgniter\CodeIgniter->run()
 9 SYSTEMPATH/Commands/Server/rewrite.php(47): require_once('FCPATH/index.php')
CRITICAL - 2023-03-06 22:39:07 --> Invalid file: "homeTemplate.php"
in SYSTEMPATH/Exceptions/FrameworkException.php on line 33.
 1 SYSTEMPATH/View/View.php(201): CodeIgniter\Exceptions\FrameworkException::forInvalidFile('homeTemplate.php')
 2 SYSTEMPATH/View/View.php(229): CodeIgniter\View\View->render('homeTemplate', [], true)
 3 SYSTEMPATH/Common.php(1184): CodeIgniter\View\View->render('pages/fitineHome', [], true)
 4 APPPATH/Controllers/PageController.php(23): view('pages/fitineHome')
 5 SYSTEMPATH/CodeIgniter.php(934): App\Controllers\PageController->view('fitineHome')
 6 SYSTEMPATH/CodeIgniter.php(499): CodeIgniter\CodeIgniter->runController(Object(App\Controllers\PageController))
 7 SYSTEMPATH/CodeIgniter.php(368): CodeIgniter\CodeIgniter->handleRequest(null, Object(Config\Cache), false)
 8 FCPATH/index.php(67): CodeIgniter\CodeIgniter->run()
 9 SYSTEMPATH/Commands/Server/rewrite.php(47): require_once('FCPATH/index.php')
CRITICAL - 2023-03-06 22:39:10 --> Invalid file: "homeTemplate.php"
in SYSTEMPATH/Exceptions/FrameworkException.php on line 33.
 1 SYSTEMPATH/View/View.php(201): CodeIgniter\Exceptions\FrameworkException::forInvalidFile('homeTemplate.php')
 2 SYSTEMPATH/View/View.php(229): CodeIgniter\View\View->render('homeTemplate', [], true)
 3 SYSTEMPATH/Common.php(1184): CodeIgniter\View\View->render('pages/fitineHome', [], true)
 4 APPPATH/Controllers/PageController.php(23): view('pages/fitineHome')
 5 SYSTEMPATH/CodeIgniter.php(934): App\Controllers\PageController->view('fitineHome')
 6 SYSTEMPATH/CodeIgniter.php(499): CodeIgniter\CodeIgniter->runController(Object(App\Controllers\PageController))
 7 SYSTEMPATH/CodeIgniter.php(368): CodeIgniter\CodeIgniter->handleRequest(null, Object(Config\Cache), false)
 8 FCPATH/index.php(67): CodeIgniter\CodeIgniter->run()
 9 SYSTEMPATH/Commands/Server/rewrite.php(47): require_once('FCPATH/index.php')
CRITICAL - 2023-03-06 22:40:29 --> Invalid file: "homeTemplate.php"
in SYSTEMPATH/Exceptions/FrameworkException.php on line 33.
 1 SYSTEMPATH/View/View.php(201): CodeIgniter\Exceptions\FrameworkException::forInvalidFile('homeTemplate.php')
 2 SYSTEMPATH/View/View.php(229): CodeIgniter\View\View->render('homeTemplate', [], true)
 3 SYSTEMPATH/Common.php(1184): CodeIgniter\View\View->render('pages/fitineHome', [], true)
 4 APPPATH/Controllers/PageController.php(23): view('pages/fitineHome')
 5 SYSTEMPATH/CodeIgniter.php(934): App\Controllers\PageController->view('fitineHome')
 6 SYSTEMPATH/CodeIgniter.php(499): CodeIgniter\CodeIgniter->runController(Object(App\Controllers\PageController))
 7 SYSTEMPATH/CodeIgniter.php(368): CodeIgniter\CodeIgniter->handleRequest(null, Object(Config\Cache), false)
 8 FCPATH/index.php(67): CodeIgniter\CodeIgniter->run()
 9 SYSTEMPATH/Commands/Server/rewrite.php(47): require_once('FCPATH/index.php')
CRITICAL - 2023-03-06 22:53:07 --> Invalid file: "leftNavBar.php"
in SYSTEMPATH/Exceptions/FrameworkException.php on line 33.
 1 SYSTEMPATH/View/View.php(201): CodeIgniter\Exceptions\FrameworkException::forInvalidFile('leftNavBar.php')
 2 SYSTEMPATH/Common.php(1184): CodeIgniter\View\View->render('leftNavBar', [], true)
 3 APPPATH/Controllers/PageController.php(23): view('leftNavBar')
 4 SYSTEMPATH/CodeIgniter.php(934): App\Controllers\PageController->view('fitineHome')
 5 SYSTEMPATH/CodeIgniter.php(499): CodeIgniter\CodeIgniter->runController(Object(App\Controllers\PageController))
 6 SYSTEMPATH/CodeIgniter.php(368): CodeIgniter\CodeIgniter->handleRequest(null, Object(Config\Cache), false)
 7 FCPATH/index.php(67): CodeIgniter\CodeIgniter->run()
 8 SYSTEMPATH/Commands/Server/rewrite.php(47): require_once('FCPATH/index.php')
CRITICAL - 2023-03-06 22:53:21 --> Invalid file: "leftNavBar.php"
in SYSTEMPATH/Exceptions/FrameworkException.php on line 33.
 1 SYSTEMPATH/View/View.php(201): CodeIgniter\Exceptions\FrameworkException::forInvalidFile('leftNavBar.php')
 2 SYSTEMPATH/Common.php(1184): CodeIgniter\View\View->render('leftNavBar', [], true)
 3 APPPATH/Controllers/PageController.php(23): view('leftNavBar')
 4 SYSTEMPATH/CodeIgniter.php(934): App\Controllers\PageController->view('home')
 5 SYSTEMPATH/CodeIgniter.php(499): CodeIgniter\CodeIgniter->runController(Object(App\Controllers\PageController))
 6 SYSTEMPATH/CodeIgniter.php(368): CodeIgniter\CodeIgniter->handleRequest(null, Object(Config\Cache), false)
 7 FCPATH/index.php(67): CodeIgniter\CodeIgniter->run()
 8 SYSTEMPATH/Commands/Server/rewrite.php(47): require_once('FCPATH/index.php')
CRITICAL - 2023-03-06 23:01:09 --> syntax error, unexpected token "}", expecting "," or ";"
in APPPATH/Controllers/PageController.php on line 23.
 1 SYSTEMPATH/Autoloader/Autoloader.php(289): CodeIgniter\Autoloader\Autoloader->includeFile('APPPATH/Controllers/PageController.php')
 2 SYSTEMPATH/Autoloader/Autoloader.php(267): CodeIgniter\Autoloader\Autoloader->loadInNamespace('App\\Controllers\\PageController')
 3 [internal function]: CodeIgniter\Autoloader\Autoloader->loadClass('App\\Controllers\\PageController')
 4 SYSTEMPATH/CodeIgniter.php(892): class_exists('\\App\\Controllers\\PageController', true)
 5 SYSTEMPATH/CodeIgniter.php(486): CodeIgniter\CodeIgniter->startController()
 6 SYSTEMPATH/CodeIgniter.php(368): CodeIgniter\CodeIgniter->handleRequest(null, Object(Config\Cache), false)
 7 FCPATH/index.php(67): CodeIgniter\CodeIgniter->run()
 8 SYSTEMPATH/Commands/Server/rewrite.php(47): require_once('FCPATH/index.php')
CRITICAL - 2023-03-06 23:17:09 --> syntax error, unexpected token "}", expecting ";"
in APPPATH/Controllers/PageController.php on line 25.
 1 SYSTEMPATH/Autoloader/Autoloader.php(289): CodeIgniter\Autoloader\Autoloader->includeFile('APPPATH/Controllers/PageController.php')
 2 SYSTEMPATH/Autoloader/Autoloader.php(267): CodeIgniter\Autoloader\Autoloader->loadInNamespace('App\\Controllers\\PageController')
 3 [internal function]: CodeIgniter\Autoloader\Autoloader->loadClass('App\\Controllers\\PageController')
 4 SYSTEMPATH/CodeIgniter.php(892): class_exists('\\App\\Controllers\\PageController', true)
 5 SYSTEMPATH/CodeIgniter.php(486): CodeIgniter\CodeIgniter->startController()
 6 SYSTEMPATH/CodeIgniter.php(368): CodeIgniter\CodeIgniter->handleRequest(null, Object(Config\Cache), false)
 7 FCPATH/index.php(67): CodeIgniter\CodeIgniter->run()
 8 SYSTEMPATH/Commands/Server/rewrite.php(47): require_once('FCPATH/index.php')
CRITICAL - 2023-03-06 23:30:20 --> Invalid file: "pages/fitineHome.php"
in SYSTEMPATH/Exceptions/FrameworkException.php on line 33.
 1 SYSTEMPATH/View/View.php(201): CodeIgniter\Exceptions\FrameworkException::forInvalidFile('pages/fitineHome.php')
 2 SYSTEMPATH/Common.php(1184): CodeIgniter\View\View->render('pages/fitineHome', [], true)
 3 APPPATH/Controllers/PageController.php(23): view('pages/fitineHome')
 4 SYSTEMPATH/CodeIgniter.php(934): App\Controllers\Pagecontroller->view('home')
 5 SYSTEMPATH/CodeIgniter.php(499): CodeIgniter\CodeIgniter->runController(Object(App\Controllers\Pagecontroller))
 6 SYSTEMPATH/CodeIgniter.php(368): CodeIgniter\CodeIgniter->handleRequest(null, Object(Config\Cache), false)
 7 FCPATH/index.php(67): CodeIgniter\CodeIgniter->run()
 8 SYSTEMPATH/Commands/Server/rewrite.php(47): require_once('FCPATH/index.php')
CRITICAL - 2023-03-06 23:31:44 --> Invalid file: "pages/fitineHome.php"
in SYSTEMPATH/Exceptions/FrameworkException.php on line 33.
 1 SYSTEMPATH/View/View.php(201): CodeIgniter\Exceptions\FrameworkException::forInvalidFile('pages/fitineHome.php')
 2 SYSTEMPATH/Common.php(1184): CodeIgniter\View\View->render('pages/fitineHome', [], true)
 3 APPPATH/Controllers/PageController.php(23): view('pages/fitineHome')
 4 SYSTEMPATH/CodeIgniter.php(934): App\Controllers\Pagecontroller->view('home')
 5 SYSTEMPATH/CodeIgniter.php(499): CodeIgniter\CodeIgniter->runController(Object(App\Controllers\Pagecontroller))
 6 SYSTEMPATH/CodeIgniter.php(368): CodeIgniter\CodeIgniter->handleRequest(null, Object(Config\Cache), false)
 7 FCPATH/index.php(67): CodeIgniter\CodeIgniter->run()
 8 SYSTEMPATH/Commands/Server/rewrite.php(47): require_once('FCPATH/index.php')
CRITICAL - 2023-03-06 23:31:44 --> Invalid file: "pages/fitineHome.php"
in SYSTEMPATH/Exceptions/FrameworkException.php on line 33.
 1 SYSTEMPATH/View/View.php(201): CodeIgniter\Exceptions\FrameworkException::forInvalidFile('pages/fitineHome.php')
 2 SYSTEMPATH/Common.php(1184): CodeIgniter\View\View->render('pages/fitineHome', [], true)
 3 APPPATH/Controllers/PageController.php(23): view('pages/fitineHome')
 4 SYSTEMPATH/CodeIgniter.php(934): App\Controllers\Pagecontroller->view('home')
 5 SYSTEMPATH/CodeIgniter.php(499): CodeIgniter\CodeIgniter->runController(Object(App\Controllers\Pagecontroller))
 6 SYSTEMPATH/CodeIgniter.php(368): CodeIgniter\CodeIgniter->handleRequest(null, Object(Config\Cache), false)
 7 FCPATH/index.php(67): CodeIgniter\CodeIgniter->run()
 8 SYSTEMPATH/Commands/Server/rewrite.php(47): require_once('FCPATH/index.php')
CRITICAL - 2023-03-06 23:32:54 --> Invalid file: "pages/fitineHome.php"
in SYSTEMPATH/Exceptions/FrameworkException.php on line 33.
 1 SYSTEMPATH/View/View.php(201): CodeIgniter\Exceptions\FrameworkException::forInvalidFile('pages/fitineHome.php')
 2 SYSTEMPATH/Common.php(1184): CodeIgniter\View\View->render('pages/fitineHome', [], true)
 3 APPPATH/Controllers/PageController.php(23): view('pages/fitineHome')
 4 SYSTEMPATH/CodeIgniter.php(934): App\Controllers\Pagecontroller->view('home')
 5 SYSTEMPATH/CodeIgniter.php(499): CodeIgniter\CodeIgniter->runController(Object(App\Controllers\Pagecontroller))
 6 SYSTEMPATH/CodeIgniter.php(368): CodeIgniter\CodeIgniter->handleRequest(null, Object(Config\Cache), false)
 7 FCPATH/index.php(67): CodeIgniter\CodeIgniter->run()
 8 SYSTEMPATH/Commands/Server/rewrite.php(47): require_once('FCPATH/index.php')
CRITICAL - 2023-03-06 23:33:43 --> Invalid file: "pages/fitineHome.php"
in SYSTEMPATH/Exceptions/FrameworkException.php on line 33.
 1 SYSTEMPATH/View/View.php(201): CodeIgniter\Exceptions\FrameworkException::forInvalidFile('pages/fitineHome.php')
 2 SYSTEMPATH/Common.php(1184): CodeIgniter\View\View->render('pages/fitineHome', [], true)
 3 APPPATH/Controllers/PageController.php(23): view('pages/fitineHome')
 4 SYSTEMPATH/CodeIgniter.php(934): App\Controllers\Pagecontroller->view('home')
 5 SYSTEMPATH/CodeIgniter.php(499): CodeIgniter\CodeIgniter->runController(Object(App\Controllers\Pagecontroller))
 6 SYSTEMPATH/CodeIgniter.php(368): CodeIgniter\CodeIgniter->handleRequest(null, Object(Config\Cache), false)
 7 FCPATH/index.php(67): CodeIgniter\CodeIgniter->run()
 8 SYSTEMPATH/Commands/Server/rewrite.php(47): require_once('FCPATH/index.php')
CRITICAL - 2023-03-06 23:34:36 --> Invalid file: "pages/fitineHome.php"
in SYSTEMPATH/Exceptions/FrameworkException.php on line 33.
 1 SYSTEMPATH/View/View.php(201): CodeIgniter\Exceptions\FrameworkException::forInvalidFile('pages/fitineHome.php')
 2 SYSTEMPATH/Common.php(1184): CodeIgniter\View\View->render('pages/fitineHome', [], true)
 3 APPPATH/Controllers/PageController.php(23): view('pages/fitineHome')
 4 SYSTEMPATH/CodeIgniter.php(934): App\Controllers\Pagecontroller->view('home')
 5 SYSTEMPATH/CodeIgniter.php(499): CodeIgniter\CodeIgniter->runController(Object(App\Controllers\Pagecontroller))
 6 SYSTEMPATH/CodeIgniter.php(368): CodeIgniter\CodeIgniter->handleRequest(null, Object(Config\Cache), false)
 7 FCPATH/index.php(67): CodeIgniter\CodeIgniter->run()
 8 SYSTEMPATH/Commands/Server/rewrite.php(47): require_once('FCPATH/index.php')
CRITICAL - 2023-03-06 23:34:36 --> Invalid file: "pages/fitineHome.php"
in SYSTEMPATH/Exceptions/FrameworkException.php on line 33.
 1 SYSTEMPATH/View/View.php(201): CodeIgniter\Exceptions\FrameworkException::forInvalidFile('pages/fitineHome.php')
 2 SYSTEMPATH/Common.php(1184): CodeIgniter\View\View->render('pages/fitineHome', [], true)
 3 APPPATH/Controllers/PageController.php(23): view('pages/fitineHome')
 4 SYSTEMPATH/CodeIgniter.php(934): App\Controllers\Pagecontroller->view('home')
 5 SYSTEMPATH/CodeIgniter.php(499): CodeIgniter\CodeIgniter->runController(Object(App\Controllers\Pagecontroller))
 6 SYSTEMPATH/CodeIgniter.php(368): CodeIgniter\CodeIgniter->handleRequest(null, Object(Config\Cache), false)
 7 FCPATH/index.php(67): CodeIgniter\CodeIgniter->run()
 8 SYSTEMPATH/Commands/Server/rewrite.php(47): require_once('FCPATH/index.php')
CRITICAL - 2023-03-06 23:35:06 --> Invalid file: "pages/fitineHome.php"
in SYSTEMPATH/Exceptions/FrameworkException.php on line 33.
 1 SYSTEMPATH/View/View.php(201): CodeIgniter\Exceptions\FrameworkException::forInvalidFile('pages/fitineHome.php')
 2 SYSTEMPATH/Common.php(1184): CodeIgniter\View\View->render('pages/fitineHome', [], true)
 3 APPPATH/Controllers/PageController.php(23): view('pages/fitineHome')
 4 SYSTEMPATH/CodeIgniter.php(934): App\Controllers\Pagecontroller->view('home')
 5 SYSTEMPATH/CodeIgniter.php(499): CodeIgniter\CodeIgniter->runController(Object(App\Controllers\Pagecontroller))
 6 SYSTEMPATH/CodeIgniter.php(368): CodeIgniter\CodeIgniter->handleRequest(null, Object(Config\Cache), false)
 7 FCPATH/index.php(67): CodeIgniter\CodeIgniter->run()
 8 SYSTEMPATH/Commands/Server/rewrite.php(47): require_once('FCPATH/index.php')
CRITICAL - 2023-03-06 23:36:05 --> Invalid file: "contenthome.php"
in SYSTEMPATH/Exceptions/FrameworkException.php on line 33.
 1 SYSTEMPATH/View/View.php(201): CodeIgniter\Exceptions\FrameworkException::forInvalidFile('contenthome.php')
 2 SYSTEMPATH/Common.php(1184): CodeIgniter\View\View->render('contenthome', [], true)
 3 APPPATH/Controllers/PageController.php(23): view('contenthome')
 4 SYSTEMPATH/CodeIgniter.php(934): App\Controllers\Pagecontroller->view('home')
 5 SYSTEMPATH/CodeIgniter.php(499): CodeIgniter\CodeIgniter->runController(Object(App\Controllers\Pagecontroller))
 6 SYSTEMPATH/CodeIgniter.php(368): CodeIgniter\CodeIgniter->handleRequest(null, Object(Config\Cache), false)
 7 FCPATH/index.php(67): CodeIgniter\CodeIgniter->run()
 8 SYSTEMPATH/Commands/Server/rewrite.php(47): require_once('FCPATH/index.php')
CRITICAL - 2023-03-06 23:36:07 --> Invalid file: "contenthome.php"
in SYSTEMPATH/Exceptions/FrameworkException.php on line 33.
 1 SYSTEMPATH/View/View.php(201): CodeIgniter\Exceptions\FrameworkException::forInvalidFile('contenthome.php')
 2 SYSTEMPATH/Common.php(1184): CodeIgniter\View\View->render('contenthome', [], true)
 3 APPPATH/Controllers/PageController.php(23): view('contenthome')
 4 SYSTEMPATH/CodeIgniter.php(934): App\Controllers\Pagecontroller->view('home')
 5 SYSTEMPATH/CodeIgniter.php(499): CodeIgniter\CodeIgniter->runController(Object(App\Controllers\Pagecontroller))
 6 SYSTEMPATH/CodeIgniter.php(368): CodeIgniter\CodeIgniter->handleRequest(null, Object(Config\Cache), false)
 7 FCPATH/index.php(67): CodeIgniter\CodeIgniter->run()
 8 SYSTEMPATH/Commands/Server/rewrite.php(47): require_once('FCPATH/index.php')
CRITICAL - 2023-03-06 23:37:21 --> Invalid file: "contenthome.php"
in SYSTEMPATH/Exceptions/FrameworkException.php on line 33.
 1 SYSTEMPATH/View/View.php(201): CodeIgniter\Exceptions\FrameworkException::forInvalidFile('contenthome.php')
 2 SYSTEMPATH/Common.php(1184): CodeIgniter\View\View->render('contenthome', [], true)
 3 APPPATH/Controllers/Pagecontroller.php(23): view('contenthome')
 4 SYSTEMPATH/CodeIgniter.php(934): App\Controllers\Pagecontroller->view('home')
 5 SYSTEMPATH/CodeIgniter.php(499): CodeIgniter\CodeIgniter->runController(Object(App\Controllers\Pagecontroller))
 6 SYSTEMPATH/CodeIgniter.php(368): CodeIgniter\CodeIgniter->handleRequest(null, Object(Config\Cache), false)
 7 FCPATH/index.php(67): CodeIgniter\CodeIgniter->run()
 8 SYSTEMPATH/Commands/Server/rewrite.php(47): require_once('FCPATH/index.php')
CRITICAL - 2023-03-06 23:37:22 --> Invalid file: "contenthome.php"
in SYSTEMPATH/Exceptions/FrameworkException.php on line 33.
 1 SYSTEMPATH/View/View.php(201): CodeIgniter\Exceptions\FrameworkException::forInvalidFile('contenthome.php')
 2 SYSTEMPATH/Common.php(1184): CodeIgniter\View\View->render('contenthome', [], true)
 3 APPPATH/Controllers/Pagecontroller.php(23): view('contenthome')
 4 SYSTEMPATH/CodeIgniter.php(934): App\Controllers\Pagecontroller->view('home')
 5 SYSTEMPATH/CodeIgniter.php(499): CodeIgniter\CodeIgniter->runController(Object(App\Controllers\Pagecontroller))
 6 SYSTEMPATH/CodeIgniter.php(368): CodeIgniter\CodeIgniter->handleRequest(null, Object(Config\Cache), false)
 7 FCPATH/index.php(67): CodeIgniter\CodeIgniter->run()
 8 SYSTEMPATH/Commands/Server/rewrite.php(47): require_once('FCPATH/index.php')
CRITICAL - 2023-03-06 23:38:33 --> Invalid file: "contenthome.php"
in SYSTEMPATH/Exceptions/FrameworkException.php on line 33.
 1 SYSTEMPATH/View/View.php(201): CodeIgniter\Exceptions\FrameworkException::forInvalidFile('contenthome.php')
 2 SYSTEMPATH/Common.php(1184): CodeIgniter\View\View->render('contenthome', [], true)
 3 APPPATH/Controllers/Pagecontroller.php(23): view('contenthome')
 4 SYSTEMPATH/CodeIgniter.php(934): App\Controllers\Pagecontroller->view('home')
 5 SYSTEMPATH/CodeIgniter.php(499): CodeIgniter\CodeIgniter->runController(Object(App\Controllers\Pagecontroller))
 6 SYSTEMPATH/CodeIgniter.php(368): CodeIgniter\CodeIgniter->handleRequest(null, Object(Config\Cache), false)
 7 FCPATH/index.php(67): CodeIgniter\CodeIgniter->run()
 8 SYSTEMPATH/Commands/Server/rewrite.php(47): require_once('FCPATH/index.php')
CRITICAL - 2023-03-06 23:38:34 --> Invalid file: "contenthome.php"
in SYSTEMPATH/Exceptions/FrameworkException.php on line 33.
 1 SYSTEMPATH/View/View.php(201): CodeIgniter\Exceptions\FrameworkException::forInvalidFile('contenthome.php')
 2 SYSTEMPATH/Common.php(1184): CodeIgniter\View\View->render('contenthome', [], true)
 3 APPPATH/Controllers/Pagecontroller.php(23): view('contenthome')
 4 SYSTEMPATH/CodeIgniter.php(934): App\Controllers\Pagecontroller->view('home')
 5 SYSTEMPATH/CodeIgniter.php(499): CodeIgniter\CodeIgniter->runController(Object(App\Controllers\Pagecontroller))
 6 SYSTEMPATH/CodeIgniter.php(368): CodeIgniter\CodeIgniter->handleRequest(null, Object(Config\Cache), false)
 7 FCPATH/index.php(67): CodeIgniter\CodeIgniter->run()
 8 SYSTEMPATH/Commands/Server/rewrite.php(47): require_once('FCPATH/index.php')
CRITICAL - 2023-03-06 23:40:33 --> Invalid file: "contenthome.php"
in SYSTEMPATH/Exceptions/FrameworkException.php on line 33.
 1 SYSTEMPATH/View/View.php(201): CodeIgniter\Exceptions\FrameworkException::forInvalidFile('contenthome.php')
 2 SYSTEMPATH/Common.php(1184): CodeIgniter\View\View->render('contenthome', [], true)
 3 APPPATH/Controllers/Pagecontroller.php(23): view('contenthome')
 4 SYSTEMPATH/CodeIgniter.php(934): App\Controllers\Pagecontroller->view('home')
 5 SYSTEMPATH/CodeIgniter.php(499): CodeIgniter\CodeIgniter->runController(Object(App\Controllers\Pagecontroller))
 6 SYSTEMPATH/CodeIgniter.php(368): CodeIgniter\CodeIgniter->handleRequest(null, Object(Config\Cache), false)
 7 FCPATH/index.php(67): CodeIgniter\CodeIgniter->run()
 8 SYSTEMPATH/Commands/Server/rewrite.php(47): require_once('FCPATH/index.php')
CRITICAL - 2023-03-06 23:43:17 --> Invalid file: "contenthome.php"
in SYSTEMPATH/Exceptions/FrameworkException.php on line 33.
 1 SYSTEMPATH/View/View.php(201): CodeIgniter\Exceptions\FrameworkException::forInvalidFile('contenthome.php')
 2 SYSTEMPATH/Common.php(1184): CodeIgniter\View\View->render('contenthome', [], true)
 3 APPPATH/Controllers/Pagecontroller.php(23): view('contenthome')
 4 SYSTEMPATH/CodeIgniter.php(934): App\Controllers\Pagecontroller->view('home')
 5 SYSTEMPATH/CodeIgniter.php(499): CodeIgniter\CodeIgniter->runController(Object(App\Controllers\Pagecontroller))
 6 SYSTEMPATH/CodeIgniter.php(368): CodeIgniter\CodeIgniter->handleRequest(null, Object(Config\Cache), false)
 7 FCPATH/index.php(67): CodeIgniter\CodeIgniter->run()
 8 SYSTEMPATH/Commands/Server/rewrite.php(47): require_once('FCPATH/index.php')
CRITICAL - 2023-03-06 23:43:18 --> Invalid file: "contenthome.php"
in SYSTEMPATH/Exceptions/FrameworkException.php on line 33.
 1 SYSTEMPATH/View/View.php(201): CodeIgniter\Exceptions\FrameworkException::forInvalidFile('contenthome.php')
 2 SYSTEMPATH/Common.php(1184): CodeIgniter\View\View->render('contenthome', [], true)
 3 APPPATH/Controllers/Pagecontroller.php(23): view('contenthome')
 4 SYSTEMPATH/CodeIgniter.php(934): App\Controllers\Pagecontroller->view('home')
 5 SYSTEMPATH/CodeIgniter.php(499): CodeIgniter\CodeIgniter->runController(Object(App\Controllers\Pagecontroller))
 6 SYSTEMPATH/CodeIgniter.php(368): CodeIgniter\CodeIgniter->handleRequest(null, Object(Config\Cache), false)
 7 FCPATH/index.php(67): CodeIgniter\CodeIgniter->run()
 8 SYSTEMPATH/Commands/Server/rewrite.php(47): require_once('FCPATH/index.php')
CRITICAL - 2023-03-06 23:43:35 --> Invalid file: "templates\homeTemplate.php"
in SYSTEMPATH/Exceptions/FrameworkException.php on line 33.
 1 SYSTEMPATH/View/View.php(201): CodeIgniter\Exceptions\FrameworkException::forInvalidFile('templates\\homeTemplate.php')
 2 SYSTEMPATH/View/View.php(229): CodeIgniter\View\View->render('templates\\homeTemplate', [], true)
 3 SYSTEMPATH/Common.php(1184): CodeIgniter\View\View->render('pages/home', [], true)
 4 APPPATH/Controllers/Pagecontroller.php(23): view('pages/home')
 5 SYSTEMPATH/CodeIgniter.php(934): App\Controllers\Pagecontroller->view('home')
 6 SYSTEMPATH/CodeIgniter.php(499): CodeIgniter\CodeIgniter->runController(Object(App\Controllers\Pagecontroller))
 7 SYSTEMPATH/CodeIgniter.php(368): CodeIgniter\CodeIgniter->handleRequest(null, Object(Config\Cache), false)
 8 FCPATH/index.php(67): CodeIgniter\CodeIgniter->run()
 9 SYSTEMPATH/Commands/Server/rewrite.php(47): require_once('FCPATH/index.php')
CRITICAL - 2023-03-06 23:43:36 --> Invalid file: "templates\homeTemplate.php"
in SYSTEMPATH/Exceptions/FrameworkException.php on line 33.
 1 SYSTEMPATH/View/View.php(201): CodeIgniter\Exceptions\FrameworkException::forInvalidFile('templates\\homeTemplate.php')
 2 SYSTEMPATH/View/View.php(229): CodeIgniter\View\View->render('templates\\homeTemplate', [], true)
 3 SYSTEMPATH/Common.php(1184): CodeIgniter\View\View->render('pages/home', [], true)
 4 APPPATH/Controllers/Pagecontroller.php(23): view('pages/home')
 5 SYSTEMPATH/CodeIgniter.php(934): App\Controllers\Pagecontroller->view('home')
 6 SYSTEMPATH/CodeIgniter.php(499): CodeIgniter\CodeIgniter->runController(Object(App\Controllers\Pagecontroller))
 7 SYSTEMPATH/CodeIgniter.php(368): CodeIgniter\CodeIgniter->handleRequest(null, Object(Config\Cache), false)
 8 FCPATH/index.php(67): CodeIgniter\CodeIgniter->run()
 9 SYSTEMPATH/Commands/Server/rewrite.php(47): require_once('FCPATH/index.php')
CRITICAL - 2023-03-06 23:55:56 --> Invalid file: "templates\homeTemplate.php"
in SYSTEMPATH/Exceptions/FrameworkException.php on line 33.
 1 SYSTEMPATH/View/View.php(201): CodeIgniter\Exceptions\FrameworkException::forInvalidFile('templates\\homeTemplate.php')
 2 SYSTEMPATH/View/View.php(229): CodeIgniter\View\View->render('templates\\homeTemplate', [], true)
 3 SYSTEMPATH/Common.php(1184): CodeIgniter\View\View->render('pages/home', [], true)
 4 APPPATH/Controllers/Pagecontroller.php(23): view('pages/home')
 5 SYSTEMPATH/CodeIgniter.php(934): App\Controllers\Pagecontroller->view('home')
 6 SYSTEMPATH/CodeIgniter.php(499): CodeIgniter\CodeIgniter->runController(Object(App\Controllers\Pagecontroller))
 7 SYSTEMPATH/CodeIgniter.php(368): CodeIgniter\CodeIgniter->handleRequest(null, Object(Config\Cache), false)
 8 FCPATH/index.php(67): CodeIgniter\CodeIgniter->run()
 9 SYSTEMPATH/Commands/Server/rewrite.php(47): require_once('FCPATH/index.php')
CRITICAL - 2023-03-06 23:56:32 --> Invalid file: "templates\homeTemplate.php"
in SYSTEMPATH/Exceptions/FrameworkException.php on line 33.
 1 SYSTEMPATH/View/View.php(201): CodeIgniter\Exceptions\FrameworkException::forInvalidFile('templates\\homeTemplate.php')
 2 SYSTEMPATH/View/View.php(229): CodeIgniter\View\View->render('templates\\homeTemplate', [], true)
 3 SYSTEMPATH/Common.php(1184): CodeIgniter\View\View->render('pages/home', [], true)
 4 APPPATH/Controllers/Pagecontroller.php(23): view('pages/home')
 5 SYSTEMPATH/CodeIgniter.php(934): App\Controllers\Pagecontroller->view('home')
 6 SYSTEMPATH/CodeIgniter.php(499): CodeIgniter\CodeIgniter->runController(Object(App\Controllers\Pagecontroller))
 7 SYSTEMPATH/CodeIgniter.php(368): CodeIgniter\CodeIgniter->handleRequest(null, Object(Config\Cache), false)
 8 FCPATH/index.php(67): CodeIgniter\CodeIgniter->run()
 9 SYSTEMPATH/Commands/Server/rewrite.php(47): require_once('FCPATH/index.php')
CRITICAL - 2023-03-06 23:56:34 --> Invalid file: "templates\homeTemplate.php"
in SYSTEMPATH/Exceptions/FrameworkException.php on line 33.
 1 SYSTEMPATH/View/View.php(201): CodeIgniter\Exceptions\FrameworkException::forInvalidFile('templates\\homeTemplate.php')
 2 SYSTEMPATH/View/View.php(229): CodeIgniter\View\View->render('templates\\homeTemplate', [], true)
 3 SYSTEMPATH/Common.php(1184): CodeIgniter\View\View->render('pages/home', [], true)
 4 APPPATH/Controllers/Pagecontroller.php(23): view('pages/home')
 5 SYSTEMPATH/CodeIgniter.php(934): App\Controllers\Pagecontroller->view('home')
 6 SYSTEMPATH/CodeIgniter.php(499): CodeIgniter\CodeIgniter->runController(Object(App\Controllers\Pagecontroller))
 7 SYSTEMPATH/CodeIgniter.php(368): CodeIgniter\CodeIgniter->handleRequest(null, Object(Config\Cache), false)
 8 FCPATH/index.php(67): CodeIgniter\CodeIgniter->run()
 9 SYSTEMPATH/Commands/Server/rewrite.php(47): require_once('FCPATH/index.php')
